#
# There is insufficient memory for the Java Runtime Environment to continue.
# Native memory allocation (mmap) failed to map 257949696 bytes for G1 virtual space
# Possible reasons:
#   The system is out of physical RAM or swap space
#   The process is running with CompressedOops enabled, and the Java Heap may be blocking the growth of the native heap
# Possible solutions:
#   Reduce memory load on the system
#   Increase physical memory or swap space
#   Check if swap backing store is full
#   Decrease Java heap size (-Xmx/-Xms)
#   Decrease number of Java threads
#   Decrease Java thread stack sizes (-Xss)
#   Set larger code cache with -XX:ReservedCodeCacheSize=
#   JVM is running with Zero Based Compressed Oops mode in which the Java heap is
#     placed in the first 32GB address space. The Java Heap base address is the
#     maximum limit for the native heap growth. Please use -XX:HeapBaseMinAddress
#     to set the Java Heap base and to place the Java Heap above 32GB virtual address.
# This output file may be truncated or incomplete.
#
#  Out of Memory Error (os_windows.cpp:3466), pid=29372, tid=2116
#
# JRE version:  (16.0.1+9) (build )
# Java VM: OpenJDK 64-Bit Server VM (16.0.1+9-24, mixed mode, sharing, tiered, compressed oops, compressed class ptrs, g1 gc, windows-amd64)
# No core dump will be written. Minidumps are not enabled by default on client versions of Windows
#

---------------  S U M M A R Y ------------

Command Line: -Dfile.encoding=Cp1252 --module-path=C:\Users\Omen\eclipse-workspace\JDBC\lib\mysql-connector-java-8.0.25.jar -XX:+ShowCodeDetailsInExceptionMessages FormFillUpPage

Host: AMD Ryzen 7 4800H with Radeon Graphics         , 16 cores, 15G,  Windows 10 , 64 bit Build 19041 (10.0.19041.1151)
Time: Fri Sep 17 16:25:19 2021 Nepal Standard Time elapsed time: 0.016706 seconds (0d 0h 0m 0s)

---------------  T H R E A D  ---------------

Current thread (0x000002b4d25bcdd0):  JavaThread "Unknown thread" [_thread_in_vm, id=2116, stack(0x000000bba7e00000,0x000000bba7f00000)]

Stack: [0x000000bba7e00000,0x000000bba7f00000]
Native frames: (J=compiled Java code, j=interpreted, Vv=VM code, C=native code)
V  [jvm.dll+0x6687ca]
V  [jvm.dll+0x7ca3c9]
V  [jvm.dll+0x7cbb53]
V  [jvm.dll+0x7cc1b3]
V  [jvm.dll+0x242ea5]
V  [jvm.dll+0x665589]
V  [jvm.dll+0x65a175]
V  [jvm.dll+0x2fc5ab]
V  [jvm.dll+0x3037a6]
V  [jvm.dll+0x352fee]
V  [jvm.dll+0x35321f]
V  [jvm.dll+0x2d3618]
V  [jvm.dll+0x2d4854]
V  [jvm.dll+0x79ccb1]
V  [jvm.dll+0x360de1]
V  [jvm.dll+0x77a990]
V  [jvm.dll+0x3e55af]
V  [jvm.dll+0x3e7081]
C  [jli.dll+0x52fb]
C  [ucrtbase.dll+0x21bb2]
C  [KERNEL32.DLL+0x17034]
C  [ntdll.dll+0x52651]


---------------  P R O C E S S  ---------------

Threads class SMR info:
_java_thread_list=0x00007ffd9797cbb8, length=0, elements={
}

Java Threads: ( => current thread )

Other Threads:
  0x000002b4d260af60 GCTaskThread "GC Thread#0" [stack: 0x000000bba7f00000,0x000000bba8000000] [id=22560]
  0x000002b4d261b670 ConcurrentGCThread "G1 Main Marker" [stack: 0x000000bba8000000,0x000000bba8100000] [id=27196]
  0x000002b4d261d910 ConcurrentGCThread "G1 Conc#0" [stack: 0x000000bba8100000,0x000000bba8200000] [id=4048]

[error occurred during error reporting (printing all threads), id 0xc0000005, EXCEPTION_ACCESS_VIOLATION (0xc0000005) at pc=0x00007ffd971544d7]

VM state: not at safepoint (not fully initialized)

VM Mutex/Monitor currently owned by a thread:  ([mutex/lock_event])
[0x000002b4d25b7780] Heap_lock - owner thread: 0x000002b4d25bcdd0

Heap address: 0x000000070a200000, size: 3934 MB, Compressed Oops mode: Zero based, Oop shift amount: 3

CDS archive(s) mapped at: [0x0000000000000000-0x0000000000000000-0x0000000000000000), size 0, SharedBaseAddress: 0x0000000800000000, ArchiveRelocationMode: 0.
Narrow klass base: 0x0000000000000000, Narrow klass shift: 0, Narrow klass range: 0x0

GC Precious Log:
<Empty>

Heap:
 garbage-first heap   total 0K, used 0K [0x000000070a200000, 0x0000000800000000)
  region size 2048K, 0 young (0K), 0 survivors (0K)

[error occurred during error reporting (printing heap information), id 0xc0000005, EXCEPTION_ACCESS_VIOLATION (0xc0000005) at pc=0x00007ffd975324ed]

GC Heap History (0 events):
No events

Deoptimization events (0 events):
No events

Classes unloaded (0 events):
No events

Classes redefined (0 events):
No events

Internal exceptions (0 events):
No events

Events (1 events):
Event: 0.010 Loaded shared library C:\Users\Omen\Downloads\eclipse-java-2021-06-R-win32-x86_64\eclipse\plugins\org.eclipse.justj.openjdk.hotspot.jre.full.win32.x86_64_16.0.1.v20210528-1205\jre\bin\java.dll


Dynamic libraries:
0x00007ff7a3690000 - 0x00007ff7a369e000 	C:\Users\Omen\Downloads\eclipse-java-2021-06-R-win32-x86_64\eclipse\plugins\org.eclipse.justj.openjdk.hotspot.jre.full.win32.x86_64_16.0.1.v20210528-1205\jre\bin\javaw.exe
0x00007ffddf6b0000 - 0x00007ffddf8a5000 	C:\WINDOWS\SYSTEM32\ntdll.dll
0x00007ffdde190000 - 0x00007ffdde24d000 	C:\WINDOWS\System32\KERNEL32.DLL
0x00007ffddd2e0000 - 0x00007ffddd5a9000 	C:\WINDOWS\System32\KERNELBASE.dll
0x00007ffddced0000 - 0x00007ffddcfd0000 	C:\WINDOWS\System32\ucrtbase.dll
0x00007ffdda530000 - 0x00007ffdda548000 	C:\Users\Omen\Downloads\eclipse-java-2021-06-R-win32-x86_64\eclipse\plugins\org.eclipse.justj.openjdk.hotspot.jre.full.win32.x86_64_16.0.1.v20210528-1205\jre\bin\jli.dll
0x00007ffdda510000 - 0x00007ffdda529000 	C:\Users\Omen\Downloads\eclipse-java-2021-06-R-win32-x86_64\eclipse\plugins\org.eclipse.justj.openjdk.hotspot.jre.full.win32.x86_64_16.0.1.v20210528-1205\jre\bin\VCRUNTIME140.dll
0x00007ffddef20000 - 0x00007ffddf0c0000 	C:\WINDOWS\System32\USER32.dll
0x00007ffddce10000 - 0x00007ffddce32000 	C:\WINDOWS\System32\win32u.dll
0x00007ffdc7a00000 - 0x00007ffdc7c9a000 	C:\WINDOWS\WinSxS\amd64_microsoft.windows.common-controls_6595b64144ccf1df_6.0.19041.1110_none_60b5254171f9507e\COMCTL32.dll
0x00007ffdde0f0000 - 0x00007ffdde11a000 	C:\WINDOWS\System32\GDI32.dll
0x00007ffdde8c0000 - 0x00007ffdde95e000 	C:\WINDOWS\System32\msvcrt.dll
0x00007ffddd130000 - 0x00007ffddd23b000 	C:\WINDOWS\System32\gdi32full.dll
0x00007ffddd240000 - 0x00007ffddd2dd000 	C:\WINDOWS\System32\msvcp_win.dll
0x00007ffddee70000 - 0x00007ffddeea0000 	C:\WINDOWS\System32\IMM32.DLL
0x00007ffdda470000 - 0x00007ffdda47c000 	C:\Users\Omen\Downloads\eclipse-java-2021-06-R-win32-x86_64\eclipse\plugins\org.eclipse.justj.openjdk.hotspot.jre.full.win32.x86_64_16.0.1.v20210528-1205\jre\bin\vcruntime140_1.dll
0x00007ffdc0f90000 - 0x00007ffdc1021000 	C:\Users\Omen\Downloads\eclipse-java-2021-06-R-win32-x86_64\eclipse\plugins\org.eclipse.justj.openjdk.hotspot.jre.full.win32.x86_64_16.0.1.v20210528-1205\jre\bin\msvcp140.dll
0x00007ffd96e70000 - 0x00007ffd97a1b000 	C:\Users\Omen\Downloads\eclipse-java-2021-06-R-win32-x86_64\eclipse\plugins\org.eclipse.justj.openjdk.hotspot.jre.full.win32.x86_64_16.0.1.v20210528-1205\jre\bin\server\jvm.dll
0x00007ffdddf90000 - 0x00007ffdde03c000 	C:\WINDOWS\System32\ADVAPI32.dll
0x00007ffddf4a0000 - 0x00007ffddf53b000 	C:\WINDOWS\System32\sechost.dll
0x00007ffddd710000 - 0x00007ffddd83a000 	C:\WINDOWS\System32\RPCRT4.dll
0x00007ffddeea0000 - 0x00007ffddeea8000 	C:\WINDOWS\System32\PSAPI.DLL
0x00007ffdc94b0000 - 0x00007ffdc94b9000 	C:\WINDOWS\SYSTEM32\WSOCK32.dll
0x00007ffdd6180000 - 0x00007ffdd618a000 	C:\WINDOWS\SYSTEM32\VERSION.dll
0x00007ffdde120000 - 0x00007ffdde18b000 	C:\WINDOWS\System32\WS2_32.dll
0x00007ffdd2fa0000 - 0x00007ffdd2fc7000 	C:\WINDOWS\SYSTEM32\WINMM.dll
0x00007ffddacf0000 - 0x00007ffddad02000 	C:\WINDOWS\SYSTEM32\kernel.appcore.dll
0x00007ffdc36a0000 - 0x00007ffdc36aa000 	C:\Users\Omen\Downloads\eclipse-java-2021-06-R-win32-x86_64\eclipse\plugins\org.eclipse.justj.openjdk.hotspot.jre.full.win32.x86_64_16.0.1.v20210528-1205\jre\bin\jimage.dll
0x00007ffdca7d0000 - 0x00007ffdca9b4000 	C:\WINDOWS\SYSTEM32\DBGHELP.DLL
0x00007ffdc3ff0000 - 0x00007ffdc401c000 	C:\WINDOWS\SYSTEM32\dbgcore.DLL
0x00007ffddce40000 - 0x00007ffddcec3000 	C:\WINDOWS\System32\bcryptPrimitives.dll
0x00007ffda9230000 - 0x00007ffda9255000 	C:\Users\Omen\Downloads\eclipse-java-2021-06-R-win32-x86_64\eclipse\plugins\org.eclipse.justj.openjdk.hotspot.jre.full.win32.x86_64_16.0.1.v20210528-1205\jre\bin\java.dll

dbghelp: loaded successfully - version: 4.0.5 - missing functions: none
symbol engine: initialized successfully - sym options: 0x614 - pdb path: .;C:\Users\Omen\Downloads\eclipse-java-2021-06-R-win32-x86_64\eclipse\plugins\org.eclipse.justj.openjdk.hotspot.jre.full.win32.x86_64_16.0.1.v20210528-1205\jre\bin;C:\WINDOWS\SYSTEM32;C:\WINDOWS\WinSxS\amd64_microsoft.windows.common-controls_6595b64144ccf1df_6.0.19041.1110_none_60b5254171f9507e;C:\Users\Omen\Downloads\eclipse-java-2021-06-R-win32-x86_64\eclipse\plugins\org.eclipse.justj.openjdk.hotspot.jre.full.win32.x86_64_16.0.1.v20210528-1205\jre\bin\server

VM Arguments:
jvm_args: -Dfile.encoding=Cp1252 --module-path=C:\Users\Omen\eclipse-workspace\JDBC\lib\mysql-connector-java-8.0.25.jar -XX:+ShowCodeDetailsInExceptionMessages 
java_command: FormFillUpPage
java_class_path (initial): C:\Users\Omen\git\Bank-Mangement-System\Bank Management System\bin
Launcher Type: SUN_STANDARD

[Global flags]
     intx CICompilerCount                          = 12                                        {product} {ergonomic}
     uint ConcGCThreads                            = 3                                         {product} {ergonomic}
     uint G1ConcRefinementThreads                  = 13                                        {product} {ergonomic}
   size_t G1HeapRegionSize                         = 2097152                                   {product} {ergonomic}
    uintx GCDrainStackTargetSize                   = 64                                        {product} {ergonomic}
   size_t InitialHeapSize                          = 257949696                                 {product} {ergonomic}
   size_t MarkStackSize                            = 4194304                                   {product} {ergonomic}
   size_t MaxHeapSize                              = 4125097984                                {product} {ergonomic}
   size_t MinHeapDeltaBytes                        = 2097152                                   {product} {ergonomic}
   size_t MinHeapSize                              = 8388608                                   {product} {ergonomic}
    uintx NonNMethodCodeHeapSize                   = 7602480                                {pd product} {ergonomic}
    uintx NonProfiledCodeHeapSize                  = 122027880                              {pd product} {ergonomic}
    uintx ProfiledCodeHeapSize                     = 122027880                              {pd product} {ergonomic}
    uintx ReservedCodeCacheSize                    = 251658240                              {pd product} {ergonomic}
     bool SegmentedCodeCache                       = true                                      {product} {ergonomic}
     bool ShowCodeDetailsInExceptionMessages       = true                                   {manageable} {command line}
   size_t SoftMaxHeapSize                          = 4125097984                             {manageable} {ergonomic}
     bool UseCompressedClassPointers               = true                           {product lp64_product} {ergonomic}
     bool UseCompressedOops                        = true                           {product lp64_product} {ergonomic}
     bool UseG1GC                                  = true                                      {product} {ergonomic}
     bool UseLargePagesIndividualAllocation        = false                                  {pd product} {ergonomic}

Logging:
Log output configuration:
 #0: stdout all=warning uptime,level,tags
 #1: stderr all=off uptime,level,tags

Environment Variables:
PATH=C:/Users/Omen/Downloads/eclipse-java-2021-06-R-win32-x86_64/eclipse//plugins/org.eclipse.justj.openjdk.hotspot.jre.full.win32.x86_64_16.0.1.v20210528-1205/jre/bin/server;C:/Users/Omen/Downloads/eclipse-java-2021-06-R-win32-x86_64/eclipse//plugins/org.eclipse.justj.openjdk.hotspot.jre.full.win32.x86_64_16.0.1.v20210528-1205/jre/bin;C:\Program Files\Common Files\Oracle\Java\javapath;C:\windows\system32;C:\windows;C:\windows\System32\Wbem;C:\windows\System32\WindowsPowerShell\v1.0\;C:\windows\System32\OpenSSH\;C:\Program Files (x86)\NVIDIA Corporation\PhysX\Common;C:\Program Files\NVIDIA Corporation\NVIDIA NvDLISR;D:\Git\cmd;C:\WINDOWS\system32;C:\WINDOWS;C:\WINDOWS\System32\Wbem;C:\WINDOWS\System32\WindowsPowerShell\v1.0\;C:\WINDOWS\System32\OpenSSH\;C:\Program Files\MySQL\MySQL Shell 8.0\bin\;C:\Users\Omen\AppData\Local\Programs\Python\Python39\Scripts\;C:\Users\Omen\AppData\Local\Programs\Python\Python39\;C:\Users\Omen\AppData\Local\Microsoft\WindowsApps;;C:\Users\Omen\Downloads\eclipse-java-2021-06-R-win32-x86_64\eclipse;
USERNAME=Omen
OS=Windows_NT
PROCESSOR_IDENTIFIER=AMD64 Family 23 Model 96 Stepping 1, AuthenticAMD



---------------  S Y S T E M  ---------------

OS:
 Windows 10 , 64 bit Build 19041 (10.0.19041.1151)
OS uptime: 0 days 16:29 hours

CPU: total 16 (initial active 16) (16 cores per cpu, 2 threads per core) family 23 model 96 stepping 1 microcode 0x0, cx8, cmov, fxsr, ht, mmx, 3dnowpref, sse, sse2, sse3, ssse3, sse4a, sse4.1, sse4.2, popcnt, lzcnt, tsc, tscinvbit, avx, avx2, aes, clmul, bmi1, bmi2, adx, sha, fma, vzeroupper, clflush, clflushopt

Memory: 4k page, system-wide physical 15731M (5544M free)
TotalPageFile size 38214M (AvailPageFile size 174M)
current process WorkingSet (physical memory assigned to process): 10M, peak: 10M
current process commit charge ("private bytes"): 70M, peak: 316M

vm_info: OpenJDK 64-Bit Server VM (16.0.1+9-24) for windows-amd64 JRE (16.0.1+9-24), built on Mar 26 2021 19:30:07 by "mach5one" with MS VC++ 16.7 (VS2019)

END.
