#
# There is insufficient memory for the Java Runtime Environment to continue.
# Native memory allocation (mmap) failed to map 65536 bytes for Failed to commit metaspace.
# Possible reasons:
#   The system is out of physical RAM or swap space
#   The process is running with CompressedOops enabled, and the Java Heap may be blocking the growth of the native heap
# Possible solutions:
#   Reduce memory load on the system
#   Increase physical memory or swap space
#   Check if swap backing store is full
#   Decrease Java heap size (-Xmx/-Xms)
#   Decrease number of Java threads
#   Decrease Java thread stack sizes (-Xss)
#   Set larger code cache with -XX:ReservedCodeCacheSize=
#   JVM is running with Zero Based Compressed Oops mode in which the Java heap is
#     placed in the first 32GB address space. The Java Heap base address is the
#     maximum limit for the native heap growth. Please use -XX:HeapBaseMinAddress
#     to set the Java Heap base and to place the Java Heap above 32GB virtual address.
# This output file may be truncated or incomplete.
#
#  Out of Memory Error (virtualSpaceNode.cpp:108), pid=27096, tid=8348
#
# JRE version: OpenJDK Runtime Environment (16.0.1+9) (build 16.0.1+9-24)
# Java VM: OpenJDK 64-Bit Server VM (16.0.1+9-24, mixed mode, tiered, compressed oops, compressed class ptrs, g1 gc, windows-amd64)
# No core dump will be written. Minidumps are not enabled by default on client versions of Windows
#

---------------  S U M M A R Y ------------

Command Line: -Dfile.encoding=Cp1252 --module-path=C:\Users\Omen\eclipse-workspace\JDBC\lib\mysql-connector-java-8.0.25.jar -XX:+ShowCodeDetailsInExceptionMessages FormFillUpPage

Host: AMD Ryzen 7 4800H with Radeon Graphics         , 16 cores, 15G,  Windows 10 , 64 bit Build 19041 (10.0.19041.1151)
Time: Fri Sep 17 18:03:10 2021 Nepal Standard Time elapsed time: 1.153043 seconds (0d 0h 0m 1s)

---------------  T H R E A D  ---------------

Current thread (0x00000276716cc100):  JavaThread "AWT-EventQueue-0" [_thread_in_vm, id=8348, stack(0x0000009258c00000,0x0000009258d00000)]

Stack: [0x0000009258c00000,0x0000009258d00000]
Native frames: (J=compiled Java code, j=interpreted, Vv=VM code, C=native code)
V  [jvm.dll+0x6687ca]
V  [jvm.dll+0x7ca3c9]
V  [jvm.dll+0x7cbb53]
V  [jvm.dll+0x7cc1b3]
V  [jvm.dll+0x242ea5]
V  [jvm.dll+0x7c6a4b]
V  [jvm.dll+0x60e436]
V  [jvm.dll+0x60e49a]
V  [jvm.dll+0x610aca]
V  [jvm.dll+0x60ed31]
V  [jvm.dll+0x362f4a]
V  [jvm.dll+0x1e113f]
V  [jvm.dll+0x536752]
V  [jvm.dll+0x1f0fa2]
V  [jvm.dll+0x741e03]
V  [jvm.dll+0x7436a8]
V  [jvm.dll+0x743f0d]
V  [jvm.dll+0x1eb137]
V  [jvm.dll+0x1df8ba]
V  [jvm.dll+0x536728]
V  [jvm.dll+0x1f0fa2]
V  [jvm.dll+0x741e03]
V  [jvm.dll+0x7436a8]
V  [jvm.dll+0x7439d3]
V  [jvm.dll+0x23ad74]
V  [jvm.dll+0x3793d6]
C  0x0000027654f9ca38

Java frames: (J=compiled Java code, j=interpreted, Vv=VM code)
j  javax.swing.RepaintManager.addDirtyRegion0(Ljava/awt/Container;IIII)V+83 java.desktop@16.0.1
J 804 c1 javax.swing.RepaintManager.addDirtyRegion(Ljavax/swing/JComponent;IIII)V java.desktop@16.0.1 (37 bytes) @ 0x0000027655809944 [0x0000027655809760+0x00000000000001e4]
J 803 c1 javax.swing.JComponent.repaint(JIIII)V java.desktop@16.0.1 (19 bytes) @ 0x000002765580a214 [0x0000027655809e20+0x00000000000003f4]
J 806 c1 java.awt.Component.repaint()V java.desktop@16.0.1 (16 bytes) @ 0x000002765580a964 [0x000002765580a840+0x0000000000000124]
j  javax.swing.JTextField$ScrollRepainter.stateChanged(Ljavax/swing/event/ChangeEvent;)V+4 java.desktop@16.0.1
j  javax.swing.DefaultBoundedRangeModel.fireStateChanged()V+56 java.desktop@16.0.1
j  javax.swing.DefaultBoundedRangeModel.setRangeProperties(IIIIZ)V+130 java.desktop@16.0.1
j  javax.swing.text.FieldView.adjustAllocation(Ljava/awt/Shape;)Ljava/awt/Shape;+160 java.desktop@16.0.1
j  javax.swing.text.FieldView.adjustPaintRegion(Ljava/awt/Shape;)Ljava/awt/Shape;+2 java.desktop@16.0.1
j  javax.swing.text.PlainView.paint(Ljava/awt/Graphics;Ljava/awt/Shape;)V+4 java.desktop@16.0.1
j  javax.swing.text.FieldView.paint(Ljava/awt/Graphics;Ljava/awt/Shape;)V+28 java.desktop@16.0.1
j  javax.swing.plaf.basic.BasicTextUI$RootView.paint(Ljava/awt/Graphics;Ljava/awt/Shape;)V+48 java.desktop@16.0.1
j  javax.swing.plaf.basic.BasicTextUI.paintSafely(Ljava/awt/Graphics;)V+65 java.desktop@16.0.1
j  javax.swing.plaf.basic.BasicTextUI.paint(Ljava/awt/Graphics;Ljavax/swing/JComponent;)V+45 java.desktop@16.0.1
j  javax.swing.plaf.basic.BasicTextUI.update(Ljava/awt/Graphics;Ljavax/swing/JComponent;)V+3 java.desktop@16.0.1
j  javax.swing.JComponent.paintComponent(Ljava/awt/Graphics;)V+26 java.desktop@16.0.1
j  javax.swing.JComponent.paint(Ljava/awt/Graphics;)V+286 java.desktop@16.0.1
j  javax.swing.JComponent.paintChildren(Ljava/awt/Graphics;)V+523 java.desktop@16.0.1
j  javax.swing.JComponent.paint(Ljava/awt/Graphics;)V+318 java.desktop@16.0.1
j  javax.swing.JComponent.paintChildren(Ljava/awt/Graphics;)V+523 java.desktop@16.0.1
j  javax.swing.JComponent.paint(Ljava/awt/Graphics;)V+318 java.desktop@16.0.1
j  javax.swing.JLayeredPane.paint(Ljava/awt/Graphics;)V+73 java.desktop@16.0.1
j  javax.swing.JComponent.paintChildren(Ljava/awt/Graphics;)V+523 java.desktop@16.0.1
j  javax.swing.JComponent.paintToOffscreen(Ljava/awt/Graphics;IIIIII)V+72 java.desktop@16.0.1
j  javax.swing.RepaintManager$PaintManager.paintDoubleBufferedFPScales(Ljavax/swing/JComponent;Ljava/awt/Image;Ljava/awt/Graphics;IIII)V+320 java.desktop@16.0.1
j  javax.swing.RepaintManager$PaintManager.paintDoubleBuffered(Ljavax/swing/JComponent;Ljava/awt/Image;Ljava/awt/Graphics;IIII)V+28 java.desktop@16.0.1
j  javax.swing.RepaintManager$PaintManager.paint(Ljavax/swing/JComponent;Ljavax/swing/JComponent;Ljava/awt/Graphics;IIII)Z+128 java.desktop@16.0.1
j  javax.swing.RepaintManager.paint(Ljavax/swing/JComponent;Ljavax/swing/JComponent;Ljava/awt/Graphics;IIII)V+52 java.desktop@16.0.1
j  javax.swing.JComponent.paint(Ljava/awt/Graphics;)V+221 java.desktop@16.0.1
j  java.awt.GraphicsCallback$PaintCallback.run(Ljava/awt/Component;Ljava/awt/Graphics;)V+2 java.desktop@16.0.1
j  sun.awt.SunGraphicsCallback.runOneComponent(Ljava/awt/Component;Ljava/awt/Rectangle;Ljava/awt/Graphics;Ljava/awt/Shape;I)V+130 java.desktop@16.0.1
j  sun.awt.SunGraphicsCallback.runComponents([Ljava/awt/Component;Ljava/awt/Graphics;I)V+157 java.desktop@16.0.1
j  java.awt.Container.paint(Ljava/awt/Graphics;)V+58 java.desktop@16.0.1
j  java.awt.Window.paint(Ljava/awt/Graphics;)V+68 java.desktop@16.0.1
j  javax.swing.RepaintManager$4.run()Ljava/lang/Void;+142 java.desktop@16.0.1
j  javax.swing.RepaintManager$4.run()Ljava/lang/Object;+1 java.desktop@16.0.1
J 825 c1 java.security.AccessController.executePrivileged(Ljava/security/PrivilegedAction;Ljava/security/AccessControlContext;Ljava/lang/Class;)Ljava/lang/Object; java.base@16.0.1 (65 bytes) @ 0x0000027655810c3c [0x0000027655810ae0+0x000000000000015c]
j  java.security.AccessController.doPrivileged(Ljava/security/PrivilegedAction;Ljava/security/AccessControlContext;)Ljava/lang/Object;+13 java.base@16.0.1
j  java.security.ProtectionDomain$JavaSecurityAccessImpl.doIntersectionPrivilege(Ljava/security/PrivilegedAction;Ljava/security/AccessControlContext;Ljava/security/AccessControlContext;)Ljava/lang/Object;+18 java.base@16.0.1
j  javax.swing.RepaintManager.paintDirtyRegions(Ljava/util/Map;)V+154 java.desktop@16.0.1
j  javax.swing.RepaintManager.paintDirtyRegions()V+46 java.desktop@16.0.1
j  javax.swing.RepaintManager.prePaintDirtyRegions()V+73 java.desktop@16.0.1
j  javax.swing.RepaintManager$ProcessingRunnable.run()V+37 java.desktop@16.0.1
j  java.awt.event.InvocationEvent.dispatch()V+47 java.desktop@16.0.1
j  java.awt.EventQueue.dispatchEventImpl(Ljava/awt/AWTEvent;Ljava/lang/Object;)V+21 java.desktop@16.0.1
j  java.awt.EventQueue$4.run()Ljava/lang/Void;+32 java.desktop@16.0.1
j  java.awt.EventQueue$4.run()Ljava/lang/Object;+1 java.desktop@16.0.1
J 825 c1 java.security.AccessController.executePrivileged(Ljava/security/PrivilegedAction;Ljava/security/AccessControlContext;Ljava/lang/Class;)Ljava/lang/Object; java.base@16.0.1 (65 bytes) @ 0x0000027655810c3c [0x0000027655810ae0+0x000000000000015c]
j  java.security.AccessController.doPrivileged(Ljava/security/PrivilegedAction;Ljava/security/AccessControlContext;)Ljava/lang/Object;+13 java.base@16.0.1
j  java.security.ProtectionDomain$JavaSecurityAccessImpl.doIntersectionPrivilege(Ljava/security/PrivilegedAction;Ljava/security/AccessControlContext;Ljava/security/AccessControlContext;)Ljava/lang/Object;+18 java.base@16.0.1
j  java.awt.EventQueue.dispatchEvent(Ljava/awt/AWTEvent;)V+46 java.desktop@16.0.1
j  java.awt.EventDispatchThread.pumpOneEventForFilters(I)V+78 java.desktop@16.0.1
j  java.awt.EventDispatchThread.pumpEventsForFilter(ILjava/awt/Conditional;Ljava/awt/EventFilter;)V+35 java.desktop@16.0.1
j  java.awt.EventDispatchThread.pumpEventsForHierarchy(ILjava/awt/Conditional;Ljava/awt/Component;)V+11 java.desktop@16.0.1
j  java.awt.EventDispatchThread.pumpEvents(ILjava/awt/Conditional;)V+4 java.desktop@16.0.1
j  java.awt.EventDispatchThread.pumpEvents(Ljava/awt/Conditional;)V+3 java.desktop@16.0.1
j  java.awt.EventDispatchThread.run()V+9 java.desktop@16.0.1
v  ~StubRoutines::call_stub

---------------  P R O C E S S  ---------------

Threads class SMR info:
_java_thread_list=0x0000027671d528e0, length=20, elements={
0x0000027671411030, 0x0000027671412a40, 0x000002767146c8f0, 0x000002767146d2f0,
0x00000276714714b0, 0x0000027671472650, 0x00000276714afaa0, 0x00000276714b0d30,
0x00000276714b1770, 0x0000027651aec360, 0x0000027671671430, 0x0000027671725ef0,
0x0000027671726450, 0x00000276716cb110, 0x00000276716ca670, 0x00000276716cbbb0,
0x00000276716ca120, 0x00000276716cc100, 0x00000276716cc650, 0x00000276716cabc0
}

Java Threads: ( => current thread )
  0x0000027671411030 JavaThread "Reference Handler" daemon [_thread_blocked, id=8504, stack(0x0000009256d00000,0x0000009256e00000)]
  0x0000027671412a40 JavaThread "Finalizer" daemon [_thread_blocked, id=23672, stack(0x0000009256e00000,0x0000009256f00000)]
  0x000002767146c8f0 JavaThread "Signal Dispatcher" daemon [_thread_blocked, id=13808, stack(0x0000009256f00000,0x0000009257000000)]
  0x000002767146d2f0 JavaThread "Attach Listener" daemon [_thread_blocked, id=8500, stack(0x0000009257000000,0x0000009257100000)]
  0x00000276714714b0 JavaThread "Service Thread" daemon [_thread_blocked, id=22252, stack(0x0000009257100000,0x0000009257200000)]
  0x0000027671472650 JavaThread "Monitor Deflation Thread" daemon [_thread_blocked, id=25016, stack(0x0000009257200000,0x0000009257300000)]
  0x00000276714afaa0 JavaThread "C2 CompilerThread0" daemon [_thread_blocked, id=27048, stack(0x0000009257300000,0x0000009257400000)]
  0x00000276714b0d30 JavaThread "C1 CompilerThread0" daemon [_thread_blocked, id=15188, stack(0x0000009257400000,0x0000009257500000)]
  0x00000276714b1770 JavaThread "Sweeper thread" daemon [_thread_blocked, id=26716, stack(0x0000009257500000,0x0000009257600000)]
  0x0000027651aec360 JavaThread "Common-Cleaner" daemon [_thread_blocked, id=4552, stack(0x0000009257600000,0x0000009257700000)]
  0x0000027671671430 JavaThread "C1 CompilerThread1" daemon [_thread_blocked, id=27948, stack(0x0000009257700000,0x0000009257800000)]
  0x0000027671725ef0 JavaThread "C1 CompilerThread2" daemon [_thread_blocked, id=1948, stack(0x0000009257800000,0x0000009257900000)]
  0x0000027671726450 JavaThread "C1 CompilerThread3" daemon [_thread_blocked, id=7172, stack(0x0000009257900000,0x0000009257a00000)]
  0x00000276716cb110 JavaThread "Notification Thread" daemon [_thread_blocked, id=20148, stack(0x0000009257c00000,0x0000009257d00000)]
  0x00000276716ca670 JavaThread "Java2D Disposer" daemon [_thread_blocked, id=5776, stack(0x0000009257e00000,0x0000009257f00000)]
  0x00000276716cbbb0 JavaThread "AWT-Shutdown" [_thread_blocked, id=20644, stack(0x0000009257f00000,0x0000009258000000)]
  0x00000276716ca120 JavaThread "AWT-Windows" daemon [_thread_in_native, id=10108, stack(0x0000009258000000,0x0000009258100000)]
=>0x00000276716cc100 JavaThread "AWT-EventQueue-0" [_thread_in_vm, id=8348, stack(0x0000009258c00000,0x0000009258d00000)]
  0x00000276716cc650 JavaThread "DestroyJavaVM" [_thread_blocked, id=6224, stack(0x0000009256600000,0x0000009256700000)]
  0x00000276716cabc0 JavaThread "D3D Screen Updater" daemon [_thread_blocked, id=23876, stack(0x0000009258e00000,0x0000009258f00000)]

Other Threads:
  0x000002767140cf90 VMThread "VM Thread" [stack: 0x0000009256c00000,0x0000009256d00000] [id=25236]
  0x00000276716a6dd0 WatcherThread [stack: 0x0000009257d00000,0x0000009257e00000] [id=26640]
  0x0000027651a5c6f0 GCTaskThread "GC Thread#0" [stack: 0x0000009256700000,0x0000009256800000] [id=22084]
  0x0000027651a6cd00 ConcurrentGCThread "G1 Main Marker" [stack: 0x0000009256800000,0x0000009256900000] [id=27284]
  0x0000027651a6eea0 ConcurrentGCThread "G1 Conc#0" [stack: 0x0000009256900000,0x0000009256a00000] [id=12820]
  0x0000027651ad8640 ConcurrentGCThread "G1 Refine#0" [stack: 0x0000009256a00000,0x0000009256b00000] [id=11004]
  0x0000027651ad9ef0 ConcurrentGCThread "G1 Service" [stack: 0x0000009256b00000,0x0000009256c00000] [id=12364]

Threads with active compile tasks:

VM state: not at safepoint (normal execution)

VM Mutex/Monitor currently owned by a thread:  ([mutex/lock_event])
[0x0000027651a06320] MetaspaceExpand_lock - owner thread: 0x00000276716cc100

Heap address: 0x000000070a200000, size: 3934 MB, Compressed Oops mode: Zero based, Oop shift amount: 3

CDS disabled.
Compressed class space mapped at: 0x0000000800000000-0x0000000840000000, reserved size: 1073741824
Narrow klass base: 0x0000000800000000, Narrow klass shift: 0, Narrow klass range: 0x40000000

GC Precious Log:
 CPUs: 16 total, 16 available
 Memory: 15731M
 Large Page Support: Disabled
 NUMA Support: Disabled
 Compressed Oops: Enabled (Zero based)
 Heap Region Size: 2M
 Heap Min Capacity: 8M
 Heap Initial Capacity: 246M
 Heap Max Capacity: 3934M
 Pre-touch: Disabled
 Parallel Workers: 13
 Concurrent Workers: 3
 Concurrent Refinement Workers: 13
 Periodic GC: Disabled

Heap:
 garbage-first heap   total 251904K, used 8192K [0x000000070a200000, 0x0000000800000000)
  region size 2048K, 5 young (10240K), 0 survivors (0K)
 Metaspace       used 15979K, committed 16128K, reserved 1064960K
  class space    used 1702K, committed 1792K, reserved 1048576K

Heap Regions: E=young(eden), S=young(survivor), O=old, HS=humongous(starts), HC=humongous(continues), CS=collection set, F=free, OA=open archive, CA=closed archive, TAMS=top-at-mark-start (previous, next)
|   0|0x000000070a200000, 0x000000070a200000, 0x000000070a400000|  0%| F|  |TAMS 0x000000070a200000, 0x000000070a200000| Untracked 
|   1|0x000000070a400000, 0x000000070a400000, 0x000000070a600000|  0%| F|  |TAMS 0x000000070a400000, 0x000000070a400000| Untracked 
|   2|0x000000070a600000, 0x000000070a600000, 0x000000070a800000|  0%| F|  |TAMS 0x000000070a600000, 0x000000070a600000| Untracked 
|   3|0x000000070a800000, 0x000000070a800000, 0x000000070aa00000|  0%| F|  |TAMS 0x000000070a800000, 0x000000070a800000| Untracked 
|   4|0x000000070aa00000, 0x000000070aa00000, 0x000000070ac00000|  0%| F|  |TAMS 0x000000070aa00000, 0x000000070aa00000| Untracked 
|   5|0x000000070ac00000, 0x000000070ac00000, 0x000000070ae00000|  0%| F|  |TAMS 0x000000070ac00000, 0x000000070ac00000| Untracked 
|   6|0x000000070ae00000, 0x000000070ae00000, 0x000000070b000000|  0%| F|  |TAMS 0x000000070ae00000, 0x000000070ae00000| Untracked 
|   7|0x000000070b000000, 0x000000070b000000, 0x000000070b200000|  0%| F|  |TAMS 0x000000070b000000, 0x000000070b000000| Untracked 
|   8|0x000000070b200000, 0x000000070b200000, 0x000000070b400000|  0%| F|  |TAMS 0x000000070b200000, 0x000000070b200000| Untracked 
|   9|0x000000070b400000, 0x000000070b400000, 0x000000070b600000|  0%| F|  |TAMS 0x000000070b400000, 0x000000070b400000| Untracked 
|  10|0x000000070b600000, 0x000000070b600000, 0x000000070b800000|  0%| F|  |TAMS 0x000000070b600000, 0x000000070b600000| Untracked 
|  11|0x000000070b800000, 0x000000070b800000, 0x000000070ba00000|  0%| F|  |TAMS 0x000000070b800000, 0x000000070b800000| Untracked 
|  12|0x000000070ba00000, 0x000000070ba00000, 0x000000070bc00000|  0%| F|  |TAMS 0x000000070ba00000, 0x000000070ba00000| Untracked 
|  13|0x000000070bc00000, 0x000000070bc00000, 0x000000070be00000|  0%| F|  |TAMS 0x000000070bc00000, 0x000000070bc00000| Untracked 
|  14|0x000000070be00000, 0x000000070be00000, 0x000000070c000000|  0%| F|  |TAMS 0x000000070be00000, 0x000000070be00000| Untracked 
|  15|0x000000070c000000, 0x000000070c000000, 0x000000070c200000|  0%| F|  |TAMS 0x000000070c000000, 0x000000070c000000| Untracked 
|  16|0x000000070c200000, 0x000000070c200000, 0x000000070c400000|  0%| F|  |TAMS 0x000000070c200000, 0x000000070c200000| Untracked 
|  17|0x000000070c400000, 0x000000070c400000, 0x000000070c600000|  0%| F|  |TAMS 0x000000070c400000, 0x000000070c400000| Untracked 
|  18|0x000000070c600000, 0x000000070c600000, 0x000000070c800000|  0%| F|  |TAMS 0x000000070c600000, 0x000000070c600000| Untracked 
|  19|0x000000070c800000, 0x000000070c800000, 0x000000070ca00000|  0%| F|  |TAMS 0x000000070c800000, 0x000000070c800000| Untracked 
|  20|0x000000070ca00000, 0x000000070ca00000, 0x000000070cc00000|  0%| F|  |TAMS 0x000000070ca00000, 0x000000070ca00000| Untracked 
|  21|0x000000070cc00000, 0x000000070cc00000, 0x000000070ce00000|  0%| F|  |TAMS 0x000000070cc00000, 0x000000070cc00000| Untracked 
|  22|0x000000070ce00000, 0x000000070ce00000, 0x000000070d000000|  0%| F|  |TAMS 0x000000070ce00000, 0x000000070ce00000| Untracked 
|  23|0x000000070d000000, 0x000000070d000000, 0x000000070d200000|  0%| F|  |TAMS 0x000000070d000000, 0x000000070d000000| Untracked 
|  24|0x000000070d200000, 0x000000070d200000, 0x000000070d400000|  0%| F|  |TAMS 0x000000070d200000, 0x000000070d200000| Untracked 
|  25|0x000000070d400000, 0x000000070d400000, 0x000000070d600000|  0%| F|  |TAMS 0x000000070d400000, 0x000000070d400000| Untracked 
|  26|0x000000070d600000, 0x000000070d600000, 0x000000070d800000|  0%| F|  |TAMS 0x000000070d600000, 0x000000070d600000| Untracked 
|  27|0x000000070d800000, 0x000000070d800000, 0x000000070da00000|  0%| F|  |TAMS 0x000000070d800000, 0x000000070d800000| Untracked 
|  28|0x000000070da00000, 0x000000070da00000, 0x000000070dc00000|  0%| F|  |TAMS 0x000000070da00000, 0x000000070da00000| Untracked 
|  29|0x000000070dc00000, 0x000000070dc00000, 0x000000070de00000|  0%| F|  |TAMS 0x000000070dc00000, 0x000000070dc00000| Untracked 
|  30|0x000000070de00000, 0x000000070de00000, 0x000000070e000000|  0%| F|  |TAMS 0x000000070de00000, 0x000000070de00000| Untracked 
|  31|0x000000070e000000, 0x000000070e000000, 0x000000070e200000|  0%| F|  |TAMS 0x000000070e000000, 0x000000070e000000| Untracked 
|  32|0x000000070e200000, 0x000000070e200000, 0x000000070e400000|  0%| F|  |TAMS 0x000000070e200000, 0x000000070e200000| Untracked 
|  33|0x000000070e400000, 0x000000070e400000, 0x000000070e600000|  0%| F|  |TAMS 0x000000070e400000, 0x000000070e400000| Untracked 
|  34|0x000000070e600000, 0x000000070e600000, 0x000000070e800000|  0%| F|  |TAMS 0x000000070e600000, 0x000000070e600000| Untracked 
|  35|0x000000070e800000, 0x000000070e800000, 0x000000070ea00000|  0%| F|  |TAMS 0x000000070e800000, 0x000000070e800000| Untracked 
|  36|0x000000070ea00000, 0x000000070ea00000, 0x000000070ec00000|  0%| F|  |TAMS 0x000000070ea00000, 0x000000070ea00000| Untracked 
|  37|0x000000070ec00000, 0x000000070ec00000, 0x000000070ee00000|  0%| F|  |TAMS 0x000000070ec00000, 0x000000070ec00000| Untracked 
|  38|0x000000070ee00000, 0x000000070ee00000, 0x000000070f000000|  0%| F|  |TAMS 0x000000070ee00000, 0x000000070ee00000| Untracked 
|  39|0x000000070f000000, 0x000000070f000000, 0x000000070f200000|  0%| F|  |TAMS 0x000000070f000000, 0x000000070f000000| Untracked 
|  40|0x000000070f200000, 0x000000070f200000, 0x000000070f400000|  0%| F|  |TAMS 0x000000070f200000, 0x000000070f200000| Untracked 
|  41|0x000000070f400000, 0x000000070f400000, 0x000000070f600000|  0%| F|  |TAMS 0x000000070f400000, 0x000000070f400000| Untracked 
|  42|0x000000070f600000, 0x000000070f600000, 0x000000070f800000|  0%| F|  |TAMS 0x000000070f600000, 0x000000070f600000| Untracked 
|  43|0x000000070f800000, 0x000000070f800000, 0x000000070fa00000|  0%| F|  |TAMS 0x000000070f800000, 0x000000070f800000| Untracked 
|  44|0x000000070fa00000, 0x000000070fa00000, 0x000000070fc00000|  0%| F|  |TAMS 0x000000070fa00000, 0x000000070fa00000| Untracked 
|  45|0x000000070fc00000, 0x000000070fc00000, 0x000000070fe00000|  0%| F|  |TAMS 0x000000070fc00000, 0x000000070fc00000| Untracked 
|  46|0x000000070fe00000, 0x000000070fe00000, 0x0000000710000000|  0%| F|  |TAMS 0x000000070fe00000, 0x000000070fe00000| Untracked 
|  47|0x0000000710000000, 0x0000000710000000, 0x0000000710200000|  0%| F|  |TAMS 0x0000000710000000, 0x0000000710000000| Untracked 
|  48|0x0000000710200000, 0x0000000710200000, 0x0000000710400000|  0%| F|  |TAMS 0x0000000710200000, 0x0000000710200000| Untracked 
|  49|0x0000000710400000, 0x0000000710400000, 0x0000000710600000|  0%| F|  |TAMS 0x0000000710400000, 0x0000000710400000| Untracked 
|  50|0x0000000710600000, 0x0000000710600000, 0x0000000710800000|  0%| F|  |TAMS 0x0000000710600000, 0x0000000710600000| Untracked 
|  51|0x0000000710800000, 0x0000000710800000, 0x0000000710a00000|  0%| F|  |TAMS 0x0000000710800000, 0x0000000710800000| Untracked 
|  52|0x0000000710a00000, 0x0000000710a00000, 0x0000000710c00000|  0%| F|  |TAMS 0x0000000710a00000, 0x0000000710a00000| Untracked 
|  53|0x0000000710c00000, 0x0000000710c00000, 0x0000000710e00000|  0%| F|  |TAMS 0x0000000710c00000, 0x0000000710c00000| Untracked 
|  54|0x0000000710e00000, 0x0000000710e00000, 0x0000000711000000|  0%| F|  |TAMS 0x0000000710e00000, 0x0000000710e00000| Untracked 
|  55|0x0000000711000000, 0x0000000711000000, 0x0000000711200000|  0%| F|  |TAMS 0x0000000711000000, 0x0000000711000000| Untracked 
|  56|0x0000000711200000, 0x0000000711200000, 0x0000000711400000|  0%| F|  |TAMS 0x0000000711200000, 0x0000000711200000| Untracked 
|  57|0x0000000711400000, 0x0000000711400000, 0x0000000711600000|  0%| F|  |TAMS 0x0000000711400000, 0x0000000711400000| Untracked 
|  58|0x0000000711600000, 0x0000000711600000, 0x0000000711800000|  0%| F|  |TAMS 0x0000000711600000, 0x0000000711600000| Untracked 
|  59|0x0000000711800000, 0x0000000711800000, 0x0000000711a00000|  0%| F|  |TAMS 0x0000000711800000, 0x0000000711800000| Untracked 
|  60|0x0000000711a00000, 0x0000000711a00000, 0x0000000711c00000|  0%| F|  |TAMS 0x0000000711a00000, 0x0000000711a00000| Untracked 
|  61|0x0000000711c00000, 0x0000000711c00000, 0x0000000711e00000|  0%| F|  |TAMS 0x0000000711c00000, 0x0000000711c00000| Untracked 
|  62|0x0000000711e00000, 0x0000000711e00000, 0x0000000712000000|  0%| F|  |TAMS 0x0000000711e00000, 0x0000000711e00000| Untracked 
|  63|0x0000000712000000, 0x0000000712000000, 0x0000000712200000|  0%| F|  |TAMS 0x0000000712000000, 0x0000000712000000| Untracked 
|  64|0x0000000712200000, 0x0000000712200000, 0x0000000712400000|  0%| F|  |TAMS 0x0000000712200000, 0x0000000712200000| Untracked 
|  65|0x0000000712400000, 0x0000000712400000, 0x0000000712600000|  0%| F|  |TAMS 0x0000000712400000, 0x0000000712400000| Untracked 
|  66|0x0000000712600000, 0x0000000712600000, 0x0000000712800000|  0%| F|  |TAMS 0x0000000712600000, 0x0000000712600000| Untracked 
|  67|0x0000000712800000, 0x0000000712800000, 0x0000000712a00000|  0%| F|  |TAMS 0x0000000712800000, 0x0000000712800000| Untracked 
|  68|0x0000000712a00000, 0x0000000712a00000, 0x0000000712c00000|  0%| F|  |TAMS 0x0000000712a00000, 0x0000000712a00000| Untracked 
|  69|0x0000000712c00000, 0x0000000712c00000, 0x0000000712e00000|  0%| F|  |TAMS 0x0000000712c00000, 0x0000000712c00000| Untracked 
|  70|0x0000000712e00000, 0x0000000712e00000, 0x0000000713000000|  0%| F|  |TAMS 0x0000000712e00000, 0x0000000712e00000| Untracked 
|  71|0x0000000713000000, 0x0000000713000000, 0x0000000713200000|  0%| F|  |TAMS 0x0000000713000000, 0x0000000713000000| Untracked 
|  72|0x0000000713200000, 0x0000000713200000, 0x0000000713400000|  0%| F|  |TAMS 0x0000000713200000, 0x0000000713200000| Untracked 
|  73|0x0000000713400000, 0x0000000713400000, 0x0000000713600000|  0%| F|  |TAMS 0x0000000713400000, 0x0000000713400000| Untracked 
|  74|0x0000000713600000, 0x0000000713600000, 0x0000000713800000|  0%| F|  |TAMS 0x0000000713600000, 0x0000000713600000| Untracked 
|  75|0x0000000713800000, 0x0000000713800000, 0x0000000713a00000|  0%| F|  |TAMS 0x0000000713800000, 0x0000000713800000| Untracked 
|  76|0x0000000713a00000, 0x0000000713a00000, 0x0000000713c00000|  0%| F|  |TAMS 0x0000000713a00000, 0x0000000713a00000| Untracked 
|  77|0x0000000713c00000, 0x0000000713c00000, 0x0000000713e00000|  0%| F|  |TAMS 0x0000000713c00000, 0x0000000713c00000| Untracked 
|  78|0x0000000713e00000, 0x0000000713e00000, 0x0000000714000000|  0%| F|  |TAMS 0x0000000713e00000, 0x0000000713e00000| Untracked 
|  79|0x0000000714000000, 0x0000000714000000, 0x0000000714200000|  0%| F|  |TAMS 0x0000000714000000, 0x0000000714000000| Untracked 
|  80|0x0000000714200000, 0x0000000714200000, 0x0000000714400000|  0%| F|  |TAMS 0x0000000714200000, 0x0000000714200000| Untracked 
|  81|0x0000000714400000, 0x0000000714400000, 0x0000000714600000|  0%| F|  |TAMS 0x0000000714400000, 0x0000000714400000| Untracked 
|  82|0x0000000714600000, 0x0000000714600000, 0x0000000714800000|  0%| F|  |TAMS 0x0000000714600000, 0x0000000714600000| Untracked 
|  83|0x0000000714800000, 0x0000000714800000, 0x0000000714a00000|  0%| F|  |TAMS 0x0000000714800000, 0x0000000714800000| Untracked 
|  84|0x0000000714a00000, 0x0000000714a00000, 0x0000000714c00000|  0%| F|  |TAMS 0x0000000714a00000, 0x0000000714a00000| Untracked 
|  85|0x0000000714c00000, 0x0000000714c00000, 0x0000000714e00000|  0%| F|  |TAMS 0x0000000714c00000, 0x0000000714c00000| Untracked 
|  86|0x0000000714e00000, 0x0000000714e00000, 0x0000000715000000|  0%| F|  |TAMS 0x0000000714e00000, 0x0000000714e00000| Untracked 
|  87|0x0000000715000000, 0x0000000715000000, 0x0000000715200000|  0%| F|  |TAMS 0x0000000715000000, 0x0000000715000000| Untracked 
|  88|0x0000000715200000, 0x0000000715200000, 0x0000000715400000|  0%| F|  |TAMS 0x0000000715200000, 0x0000000715200000| Untracked 
|  89|0x0000000715400000, 0x0000000715400000, 0x0000000715600000|  0%| F|  |TAMS 0x0000000715400000, 0x0000000715400000| Untracked 
|  90|0x0000000715600000, 0x0000000715600000, 0x0000000715800000|  0%| F|  |TAMS 0x0000000715600000, 0x0000000715600000| Untracked 
|  91|0x0000000715800000, 0x0000000715800000, 0x0000000715a00000|  0%| F|  |TAMS 0x0000000715800000, 0x0000000715800000| Untracked 
|  92|0x0000000715a00000, 0x0000000715a00000, 0x0000000715c00000|  0%| F|  |TAMS 0x0000000715a00000, 0x0000000715a00000| Untracked 
|  93|0x0000000715c00000, 0x0000000715c00000, 0x0000000715e00000|  0%| F|  |TAMS 0x0000000715c00000, 0x0000000715c00000| Untracked 
|  94|0x0000000715e00000, 0x0000000715e00000, 0x0000000716000000|  0%| F|  |TAMS 0x0000000715e00000, 0x0000000715e00000| Untracked 
|  95|0x0000000716000000, 0x0000000716000000, 0x0000000716200000|  0%| F|  |TAMS 0x0000000716000000, 0x0000000716000000| Untracked 
|  96|0x0000000716200000, 0x0000000716200000, 0x0000000716400000|  0%| F|  |TAMS 0x0000000716200000, 0x0000000716200000| Untracked 
|  97|0x0000000716400000, 0x0000000716400000, 0x0000000716600000|  0%| F|  |TAMS 0x0000000716400000, 0x0000000716400000| Untracked 
|  98|0x0000000716600000, 0x0000000716600000, 0x0000000716800000|  0%| F|  |TAMS 0x0000000716600000, 0x0000000716600000| Untracked 
|  99|0x0000000716800000, 0x0000000716800000, 0x0000000716a00000|  0%| F|  |TAMS 0x0000000716800000, 0x0000000716800000| Untracked 
| 100|0x0000000716a00000, 0x0000000716a00000, 0x0000000716c00000|  0%| F|  |TAMS 0x0000000716a00000, 0x0000000716a00000| Untracked 
| 101|0x0000000716c00000, 0x0000000716c00000, 0x0000000716e00000|  0%| F|  |TAMS 0x0000000716c00000, 0x0000000716c00000| Untracked 
| 102|0x0000000716e00000, 0x0000000716e00000, 0x0000000717000000|  0%| F|  |TAMS 0x0000000716e00000, 0x0000000716e00000| Untracked 
| 103|0x0000000717000000, 0x0000000717000000, 0x0000000717200000|  0%| F|  |TAMS 0x0000000717000000, 0x0000000717000000| Untracked 
| 104|0x0000000717200000, 0x0000000717200000, 0x0000000717400000|  0%| F|  |TAMS 0x0000000717200000, 0x0000000717200000| Untracked 
| 105|0x0000000717400000, 0x0000000717400000, 0x0000000717600000|  0%| F|  |TAMS 0x0000000717400000, 0x0000000717400000| Untracked 
| 106|0x0000000717600000, 0x0000000717600000, 0x0000000717800000|  0%| F|  |TAMS 0x0000000717600000, 0x0000000717600000| Untracked 
| 107|0x0000000717800000, 0x0000000717800000, 0x0000000717a00000|  0%| F|  |TAMS 0x0000000717800000, 0x0000000717800000| Untracked 
| 108|0x0000000717a00000, 0x0000000717a00000, 0x0000000717c00000|  0%| F|  |TAMS 0x0000000717a00000, 0x0000000717a00000| Untracked 
| 109|0x0000000717c00000, 0x0000000717c00000, 0x0000000717e00000|  0%| F|  |TAMS 0x0000000717c00000, 0x0000000717c00000| Untracked 
| 110|0x0000000717e00000, 0x0000000717e00000, 0x0000000718000000|  0%| F|  |TAMS 0x0000000717e00000, 0x0000000717e00000| Untracked 
| 111|0x0000000718000000, 0x0000000718000000, 0x0000000718200000|  0%| F|  |TAMS 0x0000000718000000, 0x0000000718000000| Untracked 
| 112|0x0000000718200000, 0x0000000718200000, 0x0000000718400000|  0%| F|  |TAMS 0x0000000718200000, 0x0000000718200000| Untracked 
| 113|0x0000000718400000, 0x0000000718400000, 0x0000000718600000|  0%| F|  |TAMS 0x0000000718400000, 0x0000000718400000| Untracked 
| 114|0x0000000718600000, 0x0000000718600000, 0x0000000718800000|  0%| F|  |TAMS 0x0000000718600000, 0x0000000718600000| Untracked 
| 115|0x0000000718800000, 0x0000000718800000, 0x0000000718a00000|  0%| F|  |TAMS 0x0000000718800000, 0x0000000718800000| Untracked 
| 116|0x0000000718a00000, 0x0000000718a00000, 0x0000000718c00000|  0%| F|  |TAMS 0x0000000718a00000, 0x0000000718a00000| Untracked 
| 117|0x0000000718c00000, 0x0000000718c00000, 0x0000000718e00000|  0%| F|  |TAMS 0x0000000718c00000, 0x0000000718c00000| Untracked 
| 118|0x0000000718e00000, 0x0000000718fc3798, 0x0000000719000000| 88%| E|  |TAMS 0x0000000718e00000, 0x0000000718e00000| Complete 
| 119|0x0000000719000000, 0x0000000719200000, 0x0000000719200000|100%| E|CS|TAMS 0x0000000719000000, 0x0000000719000000| Complete 
| 120|0x0000000719200000, 0x0000000719400000, 0x0000000719400000|100%| E|CS|TAMS 0x0000000719200000, 0x0000000719200000| Complete 
| 121|0x0000000719400000, 0x0000000719600000, 0x0000000719600000|100%| E|CS|TAMS 0x0000000719400000, 0x0000000719400000| Complete 
| 122|0x0000000719600000, 0x0000000719800000, 0x0000000719800000|100%| E|CS|TAMS 0x0000000719600000, 0x0000000719600000| Complete 

Card table byte_map: [0x0000027664fb0000,0x0000027665760000] _byte_map_base: 0x000002766175f000

Marking Bits (Prev, Next): (CMBitMap*) 0x0000027651a5cce0, (CMBitMap*) 0x0000027651a5cd20
 Prev Bits: [0x0000027665f10000, 0x0000027669c88000)
 Next Bits: [0x0000027669c90000, 0x000002766da08000)

Polling page: 0x000002764f9b0000

Metaspace:

Usage:
  Non-class:     13.94 MB used.
      Class:      1.66 MB used.
       Both:     15.60 MB used.

Virtual space:
  Non-class space:       16.00 MB reserved,      14.00 MB ( 88%) committed,  2 nodes.
      Class space:        1.00 GB reserved,       1.75 MB ( <1%) committed,  1 nodes.
              Both:        1.02 GB reserved,      15.75 MB (  2%) committed. 

Chunk freelists:
   Non-Class:  2.01 MB
       Class:  2.24 MB
        Both:  4.25 MB

MaxMetaspaceSize: 17179869184.00 GB
CompressedClassSpaceSize: 1.00 GB
 - commit_granule_bytes: 65536.
 - commit_granule_words: 8192.
 - virtual_space_node_default_size: 1048576.
 - enlarge_chunks_in_place: 1.
 - new_chunks_are_fully_committed: 0.
 - uncommit_free_chunks: 1.
 - use_allocation_guard: 0.
 - handle_deallocations: 1.


Internal statistics:

num_allocs_failed_limit: 0.
num_arena_births: 114.
num_arena_deaths: 0.
num_vsnodes_births: 3.
num_vsnodes_deaths: 0.
num_space_committed: 252.
num_space_uncommitted: 0.
num_chunks_returned_to_freelist: 0.
num_chunks_taken_from_freelist: 185.
num_chunk_merges: 0.
num_chunk_splits: 96.
num_chunks_enlarged: 42.
num_purges: 0.

CodeHeap 'non-profiled nmethods': size=119168Kb used=274Kb max_used=274Kb free=118893Kb
 bounds [0x000002765cb20000, 0x000002765cd90000, 0x0000027663f80000]
CodeHeap 'profiled nmethods': size=119104Kb used=1494Kb max_used=1494Kb free=117609Kb
 bounds [0x00000276556d0000, 0x0000027655940000, 0x000002765cb20000]
CodeHeap 'non-nmethods': size=7488Kb used=2972Kb max_used=2985Kb free=4516Kb
 bounds [0x0000027654f80000, 0x0000027655270000, 0x00000276556d0000]
 total_blobs=1606 nmethods=999 adapters=517
 compilation: enabled
              stopped_count=0, restarted_count=0
 full_count=0

Compilation events (20 events):
Event: 1.116 Thread 0x00000276714afaa0  991       4       jdk.internal.misc.Unsafe::getInt (7 bytes)
Event: 1.116 Thread 0x00000276714b0d30  993       3       jdk.internal.misc.Unsafe::getByte (7 bytes)
Event: 1.116 Thread 0x00000276714afaa0 nmethod 991 0x000002765cb63d90 code [0x000002765cb63f00, 0x000002765cb63f78]
Event: 1.116 Thread 0x00000276714afaa0  992       4       jdk.internal.misc.Unsafe::putInt (8 bytes)
Event: 1.117 Thread 0x00000276714b0d30 nmethod 993 0x0000027655844210 code [0x00000276558443a0, 0x00000276558444b8]
Event: 1.117 Thread 0x00000276714afaa0 nmethod 992 0x000002765cb64090 code [0x000002765cb64200, 0x000002765cb64278]
Event: 1.117 Thread 0x0000027671725ef0  994       3       java.lang.Double::isNaN (12 bytes)
Event: 1.118 Thread 0x0000027671725ef0 nmethod 994 0x0000027655844590 code [0x0000027655844720, 0x0000027655844898]
Event: 1.139 Thread 0x0000027671726450  995       3       sun.java2d.pipe.RenderBuffer::putInt (26 bytes)
Event: 1.140 Thread 0x0000027671726450 nmethod 995 0x0000027655844910 code [0x0000027655844ac0, 0x0000027655844c58]
Event: 1.140 Thread 0x00000276714b0d30  996       3       sun.java2d.marlin.FloatMath::ceil_int (29 bytes)
Event: 1.141 Thread 0x00000276714b0d30 nmethod 996 0x0000027655844d90 code [0x0000027655844f40, 0x0000027655845218]
Event: 1.142 Thread 0x0000027671725ef0  997       3       javax.swing.JComponent::setFlag (34 bytes)
Event: 1.142 Thread 0x0000027671725ef0 nmethod 997 0x0000027655845310 code [0x00000276558454c0, 0x0000027655845678]
Event: 1.146 Thread 0x00000276714b0d30  998       3       java.lang.Math::getExponent (17 bytes)
Event: 1.146 Thread 0x00000276714b0d30 nmethod 998 0x0000027655845710 code [0x00000276558458a0, 0x00000276558459d8]
Event: 1.147 Thread 0x00000276714afaa0  999       4       jdk.internal.misc.Unsafe::getCharUnaligned (12 bytes)
Event: 1.148 Thread 0x00000276714afaa0 nmethod 999 0x000002765cb64390 code [0x000002765cb64520, 0x000002765cb645d8]
Event: 1.148 Thread 0x00000276714afaa0 1000       4       java.nio.ByteBufferAsCharBufferB::get (30 bytes)
Event: 1.150 Thread 0x00000276714afaa0 nmethod 1000 0x000002765cb64690 code [0x000002765cb64820, 0x000002765cb64958]

GC Heap History (0 events):
No events

Deoptimization events (16 events):
Event: 0.274 Thread 0x0000027651a0cf40 Uncommon trap: trap_request=0xffffff45 fr.pc=0x000002765cb31c68 relative=0x0000000000000428
Event: 0.274 Thread 0x0000027651a0cf40 Uncommon trap: reason=unstable_if action=reinterpret pc=0x000002765cb31c68 method=java.lang.StringLatin1.replace([BCC)Ljava/lang/String; @ 19 c2
Event: 0.274 Thread 0x0000027651a0cf40 DEOPT PACKING pc=0x000002765cb31c68 sp=0x00000092566fe930
Event: 0.274 Thread 0x0000027651a0cf40 DEOPT UNPACKING pc=0x0000027654fcd72e sp=0x00000092566fe8a0 mode 2
Event: 0.274 Thread 0x0000027651a0cf40 Uncommon trap: trap_request=0xffffff45 fr.pc=0x000002765cb331f8 relative=0x00000000000003d8
Event: 0.274 Thread 0x0000027651a0cf40 Uncommon trap: reason=unstable_if action=reinterpret pc=0x000002765cb331f8 method=java.lang.StringLatin1.newString([BII)Ljava/lang/String; @ 1 c2
Event: 0.274 Thread 0x0000027651a0cf40 DEOPT PACKING pc=0x000002765cb331f8 sp=0x00000092566fe7f0
Event: 0.274 Thread 0x0000027651a0cf40 DEOPT UNPACKING pc=0x0000027654fcd72e sp=0x00000092566fe7b8 mode 2
Event: 0.287 Thread 0x0000027651a0cf40 Uncommon trap: trap_request=0xffffff45 fr.pc=0x000002765cb29898 relative=0x0000000000000078
Event: 0.287 Thread 0x0000027651a0cf40 Uncommon trap: reason=unstable_if action=reinterpret pc=0x000002765cb29898 method=java.lang.String.isLatin1()Z @ 10 c2
Event: 0.287 Thread 0x0000027651a0cf40 DEOPT PACKING pc=0x000002765cb29898 sp=0x00000092566feca0
Event: 0.287 Thread 0x0000027651a0cf40 DEOPT UNPACKING pc=0x0000027654fcd72e sp=0x00000092566febe0 mode 2
Event: 0.645 Thread 0x0000027651a0cf40 Uncommon trap: trap_request=0xffffff45 fr.pc=0x000002765cb511f8 relative=0x00000000000000d8
Event: 0.645 Thread 0x0000027651a0cf40 Uncommon trap: reason=unstable_if action=reinterpret pc=0x000002765cb511f8 method=java.util.HashMap.hash(Ljava/lang/Object;)I @ 1 c2
Event: 0.645 Thread 0x0000027651a0cf40 DEOPT PACKING pc=0x000002765cb511f8 sp=0x00000092566feb40
Event: 0.645 Thread 0x0000027651a0cf40 DEOPT UNPACKING pc=0x0000027654fcd72e sp=0x00000092566fea80 mode 2

Classes unloaded (0 events):
No events

Classes redefined (0 events):
No events

Internal exceptions (18 events):
Event: 0.249 Thread 0x0000027651a0cf40 Exception <a 'java/lang/NoSuchMethodError'{0x0000000719569908}: 'void java.lang.invoke.DirectMethodHandle$Holder.invokeSpecial(java.lang.Object, java.lang.Object, java.lang.Object)'> (0x0000000719569908) 
thrown [t:\workspace\open\src\hotspot\share\interpreter\linkResolver.cpp, line 790]
Event: 0.258 Thread 0x0000027651a0cf40 Exception <a 'java/lang/NoSuchMethodError'{0x0000000719580960}: 'void java.lang.invoke.DirectMethodHandle$Holder.invokeSpecial(java.lang.Object, java.lang.Object, java.lang.Object, java.lang.Object, java.lang.Object)'> (0x0000000719580960) 
thrown [t:\workspace\open\src\hotspot\share\interpreter\linkResolver.cpp, line 790]
Event: 0.262 Thread 0x0000027651a0cf40 Exception <a 'java/lang/NoSuchMethodError'{0x0000000719593428}: 'java.lang.Object java.lang.invoke.DirectMethodHandle$Holder.invokeInterface(java.lang.Object, java.lang.Object)'> (0x0000000719593428) 
thrown [t:\workspace\open\src\hotspot\share\interpreter\linkResolver.cpp, line 790]
Event: 0.263 Thread 0x0000027651a0cf40 Exception <a 'java/lang/IncompatibleClassChangeError'{0x0000000719596b78}: Found class java.lang.Object, but interface was expected> (0x0000000719596b78) 
thrown [t:\workspace\open\src\hotspot\share\interpreter\linkResolver.cpp, line 857]
Event: 0.263 Thread 0x0000027651a0cf40 Exception <a 'java/lang/NoSuchMethodError'{0x00000007195999a0}: 'void java.lang.invoke.DirectMethodHandle$Holder.invokeStatic(java.lang.Object, java.lang.Object, java.lang.Object, java.lang.Object)'> (0x00000007195999a0) 
thrown [t:\workspace\open\src\hotspot\share\interpreter\linkResolver.cpp, line 790]
Event: 0.331 Thread 0x0000027651a0cf40 Exception <a 'java/lang/ClassNotFoundException'{0x000000071925e0f8}: sun/awt/resources/spi/awtProvider> (0x000000071925e0f8) 
thrown [t:\workspace\open\src\hotspot\share\classfile\systemDictionary.cpp, line 256]
Event: 0.373 Thread 0x0000027651a0cf40 Exception <a 'java/io/FileNotFoundException'{0x00000007192b2d58}> (0x00000007192b2d58) 
thrown [t:\workspace\open\src\hotspot\share\prims\jni.cpp, line 579]
Event: 0.384 Thread 0x0000027651a0cf40 Exception <a 'java/io/FileNotFoundException'{0x00000007192e1650}> (0x00000007192e1650) 
thrown [t:\workspace\open\src\hotspot\share\prims\jni.cpp, line 579]
Event: 0.384 Thread 0x0000027651a0cf40 Exception <a 'java/lang/NoSuchMethodError'{0x00000007193535e0}: 'java.lang.Object java.lang.invoke.DirectMethodHandle$Holder.invokeStatic(java.lang.Object)'> (0x00000007193535e0) 
thrown [t:\workspace\open\src\hotspot\share\interpreter\linkResolver.cpp, line 790]
Event: 0.444 Thread 0x0000027651a0cf40 Exception <a 'java/lang/NoSuchMethodError'{0x0000000719399f10}: 'java.lang.Object java.lang.invoke.DirectMethodHandle$Holder.invokeStaticInit(java.lang.Object)'> (0x0000000719399f10) 
thrown [t:\workspace\open\src\hotspot\share\interpreter\linkResolver.cpp, line 790]
Event: 0.587 Thread 0x0000027651a0cf40 Exception <a 'java/lang/NoSuchMethodError'{0x0000000719047898}: 'java.lang.Object java.lang.invoke.DirectMethodHandle$Holder.newInvokeSpecial(java.lang.Object, java.lang.Object, java.lang.Object, java.lang.Object, java.lang.Object)'> (0x0000000719047898) 
thrown [t:\workspace\open\src\hotspot\share\interpreter\linkResolver.cpp, line 790]
Event: 0.590 Thread 0x0000027651a0cf40 Exception <a 'java/lang/NoSuchMethodError'{0x0000000719053380}: 'java.lang.Object java.lang.invoke.DirectMethodHandle$Holder.invokeStatic(java.lang.Object, int, java.lang.Object, java.lang.Object, java.lang.Object, java.lang.Object)'> (0x0000000719053380) 
thrown [t:\workspace\open\src\hotspot\share\interpreter\linkResolver.cpp, line 790]
Event: 0.598 Thread 0x0000027651a0cf40 Exception <a 'java/lang/NoSuchMethodError'{0x0000000719079688}: 'java.lang.Object java.lang.invoke.DirectMethodHandle$Holder.invokeStatic(java.lang.Object, int, java.lang.Object)'> (0x0000000719079688) 
thrown [t:\workspace\open\src\hotspot\share\interpreter\linkResolver.cpp, line 790]
Event: 0.637 Thread 0x0000027651a0cf40 Exception <a 'java/lang/ClassNotFoundException'{0x0000000719130dc8}: com/sun/swing/internal/plaf/metal/resources/spi/metalProvider> (0x0000000719130dc8) 
thrown [t:\workspace\open\src\hotspot\share\classfile\systemDictionary.cpp, line 256]
Event: 0.639 Thread 0x0000027651a0cf40 Exception <a 'java/lang/ClassNotFoundException'{0x0000000719135210}: com/sun/swing/internal/plaf/basic/resources/spi/basicProvider> (0x0000000719135210) 
thrown [t:\workspace\open\src\hotspot\share\classfile\systemDictionary.cpp, line 256]
Event: 0.645 Thread 0x0000027651a0cf40 Implicit null exception at 0x000002765cb51158 to 0x000002765cb511ee
Event: 0.782 Thread 0x00000276716ca120 Exception <a 'java/lang/NoSuchMethodError'{0x00000007193d2df0}: 'void java.lang.invoke.DirectMethodHandle$Holder.invokeVirtual(java.lang.Object, java.lang.Object)'> (0x00000007193d2df0) 
thrown [t:\workspace\open\src\hotspot\share\interpreter\linkResolver.cpp, line 790]
Event: 0.805 Thread 0x0000027651a0cf40 Exception <a 'java/lang/NoSuchMethodError'{0x0000000718e05178}: 'void java.lang.invoke.DirectMethodHandle$Holder.invokeStaticInit(java.lang.Object)'> (0x0000000718e05178) 
thrown [t:\workspace\open\src\hotspot\share\interpreter\linkResolver.cpp, line 790]

Events (20 events):
Event: 1.112 loading class java/awt/geom/EllipseIterator
Event: 1.113 loading class java/awt/geom/EllipseIterator done
Event: 1.113 loading class sun/java2d/marlin/DHelpers
Event: 1.113 loading class sun/java2d/marlin/DHelpers done
Event: 1.113 loading class java/lang/FdLibm$Cbrt
Event: 1.114 loading class java/lang/FdLibm$Cbrt done
Event: 1.114 loading class java/lang/FdLibm
Event: 1.114 loading class java/lang/FdLibm done
Event: 1.115 loading class sun/java2d/marlin/ArrayCacheConst
Event: 1.115 loading class sun/java2d/marlin/ArrayCacheConst done
Event: 1.147 loading class javax/swing/text/SegmentCache
Event: 1.147 loading class javax/swing/text/SegmentCache done
Event: 1.147 loading class javax/swing/text/SegmentCache$CachedSegment
Event: 1.147 loading class javax/swing/text/SegmentCache$CachedSegment done
Event: 1.147 loading class javax/swing/text/Utilities
Event: 1.148 loading class javax/swing/text/Utilities done
Event: 1.150 loading class javax/swing/event/ChangeEvent
Event: 1.150 loading class javax/swing/event/ChangeEvent done
Event: 1.150 loading class java/applet/Applet
Event: 1.150 loading class java/awt/Panel


Dynamic libraries:
0x00007ff7a3690000 - 0x00007ff7a369e000 	C:\Users\Omen\Downloads\eclipse-java-2021-06-R-win32-x86_64\eclipse\plugins\org.eclipse.justj.openjdk.hotspot.jre.full.win32.x86_64_16.0.1.v20210528-1205\jre\bin\javaw.exe
0x00007ffddf6b0000 - 0x00007ffddf8a5000 	C:\WINDOWS\SYSTEM32\ntdll.dll
0x00007ffdde190000 - 0x00007ffdde24d000 	C:\WINDOWS\System32\KERNEL32.DLL
0x00007ffddd2e0000 - 0x00007ffddd5a9000 	C:\WINDOWS\System32\KERNELBASE.dll
0x00007ffddced0000 - 0x00007ffddcfd0000 	C:\WINDOWS\System32\ucrtbase.dll
0x00007ffdc0cb0000 - 0x00007ffdc0cc9000 	C:\Users\Omen\Downloads\eclipse-java-2021-06-R-win32-x86_64\eclipse\plugins\org.eclipse.justj.openjdk.hotspot.jre.full.win32.x86_64_16.0.1.v20210528-1205\jre\bin\VCRUNTIME140.dll
0x00007ffdc0cd0000 - 0x00007ffdc0ce8000 	C:\Users\Omen\Downloads\eclipse-java-2021-06-R-win32-x86_64\eclipse\plugins\org.eclipse.justj.openjdk.hotspot.jre.full.win32.x86_64_16.0.1.v20210528-1205\jre\bin\jli.dll
0x00007ffddef20000 - 0x00007ffddf0c0000 	C:\WINDOWS\System32\USER32.dll
0x00007ffddce10000 - 0x00007ffddce32000 	C:\WINDOWS\System32\win32u.dll
0x00007ffdde0f0000 - 0x00007ffdde11a000 	C:\WINDOWS\System32\GDI32.dll
0x00007ffddd130000 - 0x00007ffddd23b000 	C:\WINDOWS\System32\gdi32full.dll
0x00007ffddd240000 - 0x00007ffddd2dd000 	C:\WINDOWS\System32\msvcp_win.dll
0x00007ffdc7a00000 - 0x00007ffdc7c9a000 	C:\WINDOWS\WinSxS\amd64_microsoft.windows.common-controls_6595b64144ccf1df_6.0.19041.1110_none_60b5254171f9507e\COMCTL32.dll
0x00007ffdde8c0000 - 0x00007ffdde95e000 	C:\WINDOWS\System32\msvcrt.dll
0x00007ffddee70000 - 0x00007ffddeea0000 	C:\WINDOWS\System32\IMM32.DLL
0x00007ffdc4530000 - 0x00007ffdc453c000 	C:\Users\Omen\Downloads\eclipse-java-2021-06-R-win32-x86_64\eclipse\plugins\org.eclipse.justj.openjdk.hotspot.jre.full.win32.x86_64_16.0.1.v20210528-1205\jre\bin\vcruntime140_1.dll
0x00007ffda92e0000 - 0x00007ffda9371000 	C:\Users\Omen\Downloads\eclipse-java-2021-06-R-win32-x86_64\eclipse\plugins\org.eclipse.justj.openjdk.hotspot.jre.full.win32.x86_64_16.0.1.v20210528-1205\jre\bin\msvcp140.dll
0x00007ffd96e80000 - 0x00007ffd97a2b000 	C:\Users\Omen\Downloads\eclipse-java-2021-06-R-win32-x86_64\eclipse\plugins\org.eclipse.justj.openjdk.hotspot.jre.full.win32.x86_64_16.0.1.v20210528-1205\jre\bin\server\jvm.dll
0x00007ffdddf90000 - 0x00007ffdde03c000 	C:\WINDOWS\System32\ADVAPI32.dll
0x00007ffddf4a0000 - 0x00007ffddf53b000 	C:\WINDOWS\System32\sechost.dll
0x00007ffddd710000 - 0x00007ffddd83a000 	C:\WINDOWS\System32\RPCRT4.dll
0x00007ffddeea0000 - 0x00007ffddeea8000 	C:\WINDOWS\System32\PSAPI.DLL
0x00007ffdd6180000 - 0x00007ffdd618a000 	C:\WINDOWS\SYSTEM32\VERSION.dll
0x00007ffdc94b0000 - 0x00007ffdc94b9000 	C:\WINDOWS\SYSTEM32\WSOCK32.dll
0x00007ffdd2fa0000 - 0x00007ffdd2fc7000 	C:\WINDOWS\SYSTEM32\WINMM.dll
0x00007ffdde120000 - 0x00007ffdde18b000 	C:\WINDOWS\System32\WS2_32.dll
0x00007ffddacf0000 - 0x00007ffddad02000 	C:\WINDOWS\SYSTEM32\kernel.appcore.dll
0x00007ffdda510000 - 0x00007ffdda51a000 	C:\Users\Omen\Downloads\eclipse-java-2021-06-R-win32-x86_64\eclipse\plugins\org.eclipse.justj.openjdk.hotspot.jre.full.win32.x86_64_16.0.1.v20210528-1205\jre\bin\jimage.dll
0x00007ffdca7d0000 - 0x00007ffdca9b4000 	C:\WINDOWS\SYSTEM32\DBGHELP.DLL
0x00007ffdc3ff0000 - 0x00007ffdc401c000 	C:\WINDOWS\SYSTEM32\dbgcore.DLL
0x00007ffddce40000 - 0x00007ffddcec3000 	C:\WINDOWS\System32\bcryptPrimitives.dll
0x00007ffdd88a0000 - 0x00007ffdd88c5000 	C:\Users\Omen\Downloads\eclipse-java-2021-06-R-win32-x86_64\eclipse\plugins\org.eclipse.justj.openjdk.hotspot.jre.full.win32.x86_64_16.0.1.v20210528-1205\jre\bin\java.dll
0x00007ffdd8590000 - 0x00007ffdd85a8000 	C:\Users\Omen\Downloads\eclipse-java-2021-06-R-win32-x86_64\eclipse\plugins\org.eclipse.justj.openjdk.hotspot.jre.full.win32.x86_64_16.0.1.v20210528-1205\jre\bin\zip.dll
0x00007ffddd850000 - 0x00007ffdddf8f000 	C:\WINDOWS\System32\SHELL32.dll
0x00007ffddaef0000 - 0x00007ffddb680000 	C:\WINDOWS\SYSTEM32\windows.storage.dll
0x00007ffdde410000 - 0x00007ffdde765000 	C:\WINDOWS\System32\combase.dll
0x00007ffddc7d0000 - 0x00007ffddc7fc000 	C:\WINDOWS\SYSTEM32\Wldp.dll
0x00007ffddf3f0000 - 0x00007ffddf49e000 	C:\WINDOWS\System32\SHCORE.dll
0x00007ffdde3b0000 - 0x00007ffdde405000 	C:\WINDOWS\System32\shlwapi.dll
0x00007ffddcd20000 - 0x00007ffddcd3f000 	C:\WINDOWS\SYSTEM32\profapi.dll
0x00007ffdd5b50000 - 0x00007ffdd5b69000 	C:\Users\Omen\Downloads\eclipse-java-2021-06-R-win32-x86_64\eclipse\plugins\org.eclipse.justj.openjdk.hotspot.jre.full.win32.x86_64_16.0.1.v20210528-1205\jre\bin\net.dll
0x00007ffdc96c0000 - 0x00007ffdc97c8000 	C:\WINDOWS\SYSTEM32\WINHTTP.dll
0x00007ffddc4d0000 - 0x00007ffddc53a000 	C:\WINDOWS\system32\mswsock.dll
0x00007ffdd5b30000 - 0x00007ffdd5b43000 	C:\Users\Omen\Downloads\eclipse-java-2021-06-R-win32-x86_64\eclipse\plugins\org.eclipse.justj.openjdk.hotspot.jre.full.win32.x86_64_16.0.1.v20210528-1205\jre\bin\nio.dll
0x00007ffd93630000 - 0x00007ffd937af000 	C:\Users\Omen\Downloads\eclipse-java-2021-06-R-win32-x86_64\eclipse\plugins\org.eclipse.justj.openjdk.hotspot.jre.full.win32.x86_64_16.0.1.v20210528-1205\jre\bin\awt.dll
0x00007ffddf540000 - 0x00007ffddf60d000 	C:\WINDOWS\System32\OLEAUT32.dll
0x00007ffdda780000 - 0x00007ffdda810000 	C:\WINDOWS\SYSTEM32\apphelp.dll
0x00007ffddaa00000 - 0x00007ffddaa2f000 	C:\WINDOWS\system32\DWMAPI.DLL
0x00007ffdda830000 - 0x00007ffdda8ce000 	C:\WINDOWS\system32\uxtheme.dll
0x00007ffd925f0000 - 0x00007ffd92715000 	C:\WINDOWS\system32\opengl32.dll
0x00007ffd9b060000 - 0x00007ffd9b08c000 	C:\WINDOWS\SYSTEM32\GLU32.dll
0x00007ffddf270000 - 0x00007ffddf385000 	C:\WINDOWS\System32\MSCTF.dll
0x00007ffdde770000 - 0x00007ffdde89a000 	C:\WINDOWS\System32\ole32.dll
0x00007ffdd5cc0000 - 0x00007ffdd5e8e000 	C:\WINDOWS\system32\d3d9.dll
0x00007ffdd2fd0000 - 0x00007ffdd31ab000 	C:\WINDOWS\System32\DriverStore\FileRepository\u0366719.inf_amd64_de6b06f3cfe1e6ce\B366682\aticfx64.dll
0x00007ffda9c10000 - 0x00007ffda9c43000 	C:\WINDOWS\System32\DriverStore\FileRepository\u0366719.inf_amd64_de6b06f3cfe1e6ce\B366682\atiu9p64.dll
0x00007ffd9e6c0000 - 0x00007ffd9f3e1000 	C:\WINDOWS\System32\DriverStore\FileRepository\u0366719.inf_amd64_de6b06f3cfe1e6ce\B366682\atiumd64.dll
0x000000006f710000 - 0x00000000705d2000 	C:\WINDOWS\System32\DriverStore\FileRepository\u0366719.inf_amd64_de6b06f3cfe1e6ce\B366682\atiumd6a.dll
0x00007ffddcc50000 - 0x00007ffddcc9b000 	C:\WINDOWS\SYSTEM32\POWRPROF.dll
0x00007ffddcb80000 - 0x00007ffddcb92000 	C:\WINDOWS\SYSTEM32\UMPDC.dll
0x00007ffdd2980000 - 0x00007ffdd29b0000 	C:\WINDOWS\SYSTEM32\amdihk64.dll
0x00007ffdd44c0000 - 0x00007ffdd44fb000 	C:\WINDOWS\SYSTEM32\dxcore.dll
0x00007ffddd5b0000 - 0x00007ffddd5fe000 	C:\WINDOWS\System32\cfgmgr32.dll
0x00007ffda9250000 - 0x00007ffda92d9000 	C:\Users\Omen\Downloads\eclipse-java-2021-06-R-win32-x86_64\eclipse\plugins\org.eclipse.justj.openjdk.hotspot.jre.full.win32.x86_64_16.0.1.v20210528-1205\jre\bin\freetype.dll
0x00007ffd9fb30000 - 0x00007ffd9fc26000 	C:\Users\Omen\Downloads\eclipse-java-2021-06-R-win32-x86_64\eclipse\plugins\org.eclipse.justj.openjdk.hotspot.jre.full.win32.x86_64_16.0.1.v20210528-1205\jre\bin\harfbuzz.dll
0x00007ffdc0c90000 - 0x00007ffdc0ca2000 	C:\Users\Omen\Downloads\eclipse-java-2021-06-R-win32-x86_64\eclipse\plugins\org.eclipse.justj.openjdk.hotspot.jre.full.win32.x86_64_16.0.1.v20210528-1205\jre\bin\fontmanager.dll
0x00007ffdde040000 - 0x00007ffdde0e9000 	C:\WINDOWS\System32\clbcatq.dll
0x00007ffdd7c00000 - 0x00007ffdd7db4000 	C:\WINDOWS\SYSTEM32\WindowsCodecs.dll
0x00007ffddcde0000 - 0x00007ffddce07000 	C:\WINDOWS\System32\bcrypt.dll
0x00007ffdbd140000 - 0x00007ffdbd17e000 	C:\WINDOWS\system32\dataexchange.dll
0x00007ffdd9ba0000 - 0x00007ffdd9d86000 	C:\WINDOWS\system32\dcomp.dll
0x00007ffdd8f10000 - 0x00007ffdd9174000 	C:\WINDOWS\system32\d3d11.dll
0x00007ffddb6e0000 - 0x00007ffddb7d4000 	C:\WINDOWS\system32\dxgi.dll
0x00007ffdd7e70000 - 0x00007ffdd8071000 	C:\WINDOWS\system32\twinapi.appcore.dll
0x00007ffdc36d0000 - 0x00007ffdc37c9000 	C:\WINDOWS\SYSTEM32\textinputframework.dll
0x00007ffdda110000 - 0x00007ffdda46e000 	C:\WINDOWS\System32\CoreUIComponents.dll
0x00007ffdda550000 - 0x00007ffdda642000 	C:\WINDOWS\System32\CoreMessaging.dll
0x00007ffdd8db0000 - 0x00007ffdd8f04000 	C:\WINDOWS\SYSTEM32\wintypes.dll
0x00007ffddbae0000 - 0x00007ffddbb13000 	C:\WINDOWS\SYSTEM32\ntmarta.dll

dbghelp: loaded successfully - version: 4.0.5 - missing functions: none
symbol engine: initialized successfully - sym options: 0x614 - pdb path: .;C:\Users\Omen\Downloads\eclipse-java-2021-06-R-win32-x86_64\eclipse\plugins\org.eclipse.justj.openjdk.hotspot.jre.full.win32.x86_64_16.0.1.v20210528-1205\jre\bin;C:\WINDOWS\SYSTEM32;C:\WINDOWS\WinSxS\amd64_microsoft.windows.common-controls_6595b64144ccf1df_6.0.19041.1110_none_60b5254171f9507e;C:\Users\Omen\Downloads\eclipse-java-2021-06-R-win32-x86_64\eclipse\plugins\org.eclipse.justj.openjdk.hotspot.jre.full.win32.x86_64_16.0.1.v20210528-1205\jre\bin\server;C:\WINDOWS\System32\DriverStore\FileRepository\u0366719.inf_amd64_de6b06f3cfe1e6ce\B366682

VM Arguments:
jvm_args: -Dfile.encoding=Cp1252 --module-path=C:\Users\Omen\eclipse-workspace\JDBC\lib\mysql-connector-java-8.0.25.jar -XX:+ShowCodeDetailsInExceptionMessages 
java_command: FormFillUpPage
java_class_path (initial): C:\Users\Omen\git\Bank-Mangement-System\Bank Management System\bin
Launcher Type: SUN_STANDARD

[Global flags]
     intx CICompilerCount                          = 12                                        {product} {ergonomic}
     uint ConcGCThreads                            = 3                                         {product} {ergonomic}
     uint G1ConcRefinementThreads                  = 13                                        {product} {ergonomic}
   size_t G1HeapRegionSize                         = 2097152                                   {product} {ergonomic}
    uintx GCDrainStackTargetSize                   = 64                                        {product} {ergonomic}
   size_t InitialHeapSize                          = 257949696                                 {product} {ergonomic}
   size_t MarkStackSize                            = 4194304                                   {product} {ergonomic}
   size_t MaxHeapSize                              = 4125097984                                {product} {ergonomic}
   size_t MaxNewSize                               = 2474639360                                {product} {ergonomic}
   size_t MinHeapDeltaBytes                        = 2097152                                   {product} {ergonomic}
   size_t MinHeapSize                              = 8388608                                   {product} {ergonomic}
    uintx NonNMethodCodeHeapSize                   = 7602480                                {pd product} {ergonomic}
    uintx NonProfiledCodeHeapSize                  = 122027880                              {pd product} {ergonomic}
    uintx ProfiledCodeHeapSize                     = 122027880                              {pd product} {ergonomic}
    uintx ReservedCodeCacheSize                    = 251658240                              {pd product} {ergonomic}
     bool SegmentedCodeCache                       = true                                      {product} {ergonomic}
     bool ShowCodeDetailsInExceptionMessages       = true                                   {manageable} {command line}
   size_t SoftMaxHeapSize                          = 4125097984                             {manageable} {ergonomic}
     bool UseCompressedClassPointers               = true                           {product lp64_product} {ergonomic}
     bool UseCompressedOops                        = true                           {product lp64_product} {ergonomic}
     bool UseG1GC                                  = true                                      {product} {ergonomic}
     bool UseLargePagesIndividualAllocation        = false                                  {pd product} {ergonomic}

Logging:
Log output configuration:
 #0: stdout all=warning uptime,level,tags
 #1: stderr all=off uptime,level,tags

Environment Variables:
PATH=C:/Users/Omen/Downloads/eclipse-java-2021-06-R-win32-x86_64/eclipse//plugins/org.eclipse.justj.openjdk.hotspot.jre.full.win32.x86_64_16.0.1.v20210528-1205/jre/bin/server;C:/Users/Omen/Downloads/eclipse-java-2021-06-R-win32-x86_64/eclipse//plugins/org.eclipse.justj.openjdk.hotspot.jre.full.win32.x86_64_16.0.1.v20210528-1205/jre/bin;C:\Program Files\Common Files\Oracle\Java\javapath;C:\windows\system32;C:\windows;C:\windows\System32\Wbem;C:\windows\System32\WindowsPowerShell\v1.0\;C:\windows\System32\OpenSSH\;C:\Program Files (x86)\NVIDIA Corporation\PhysX\Common;C:\Program Files\NVIDIA Corporation\NVIDIA NvDLISR;D:\Git\cmd;C:\WINDOWS\system32;C:\WINDOWS;C:\WINDOWS\System32\Wbem;C:\WINDOWS\System32\WindowsPowerShell\v1.0\;C:\WINDOWS\System32\OpenSSH\;C:\Program Files\MySQL\MySQL Shell 8.0\bin\;C:\Users\Omen\AppData\Local\Programs\Python\Python39\Scripts\;C:\Users\Omen\AppData\Local\Programs\Python\Python39\;C:\Users\Omen\AppData\Local\Microsoft\WindowsApps;;C:\Users\Omen\Downloads\eclipse-java-2021-06-R-win32-x86_64\eclipse;
USERNAME=Omen
OS=Windows_NT
PROCESSOR_IDENTIFIER=AMD64 Family 23 Model 96 Stepping 1, AuthenticAMD



---------------  S Y S T E M  ---------------

OS:
 Windows 10 , 64 bit Build 19041 (10.0.19041.1151)
OS uptime: 0 days 18:06 hours

CPU: total 16 (initial active 16) (16 cores per cpu, 2 threads per core) family 23 model 96 stepping 1 microcode 0x0, cx8, cmov, fxsr, ht, mmx, 3dnowpref, sse, sse2, sse3, ssse3, sse4a, sse4.1, sse4.2, popcnt, lzcnt, tsc, tscinvbit, avx, avx2, aes, clmul, bmi1, bmi2, adx, sha, fma, vzeroupper, clflush, clflushopt

Memory: 4k page, system-wide physical 15731M (5866M free)
TotalPageFile size 38214M (AvailPageFile size 4M)
current process WorkingSet (physical memory assigned to process): 96M, peak: 96M
current process commit charge ("private bytes"): 396M, peak: 397M

vm_info: OpenJDK 64-Bit Server VM (16.0.1+9-24) for windows-amd64 JRE (16.0.1+9-24), built on Mar 26 2021 19:30:07 by "mach5one" with MS VC++ 16.7 (VS2019)

END.
