#
# There is insufficient memory for the Java Runtime Environment to continue.
# Native memory allocation (malloc) failed to allocate 282832 bytes for Chunk::new
# Possible reasons:
#   The system is out of physical RAM or swap space
#   The process is running with CompressedOops enabled, and the Java Heap may be blocking the growth of the native heap
# Possible solutions:
#   Reduce memory load on the system
#   Increase physical memory or swap space
#   Check if swap backing store is full
#   Decrease Java heap size (-Xmx/-Xms)
#   Decrease number of Java threads
#   Decrease Java thread stack sizes (-Xss)
#   Set larger code cache with -XX:ReservedCodeCacheSize=
#   JVM is running with Zero Based Compressed Oops mode in which the Java heap is
#     placed in the first 32GB address space. The Java Heap base address is the
#     maximum limit for the native heap growth. Please use -XX:HeapBaseMinAddress
#     to set the Java Heap base and to place the Java Heap above 32GB virtual address.
# This output file may be truncated or incomplete.
#
#  Out of Memory Error (arena.cpp:195), pid=19248, tid=15728
#
# JRE version: OpenJDK Runtime Environment (16.0.1+9) (build 16.0.1+9-24)
# Java VM: OpenJDK 64-Bit Server VM (16.0.1+9-24, mixed mode, tiered, compressed oops, compressed class ptrs, g1 gc, windows-amd64)
# No core dump will be written. Minidumps are not enabled by default on client versions of Windows
#

---------------  S U M M A R Y ------------

Command Line: -Dfile.encoding=Cp1252 --module-path=C:\Users\Omen\eclipse-workspace\JDBC\lib\mysql-connector-java-8.0.25.jar -XX:+ShowCodeDetailsInExceptionMessages FormFillUpPage

Host: AMD Ryzen 7 4800H with Radeon Graphics         , 16 cores, 15G,  Windows 10 , 64 bit Build 19041 (10.0.19041.1151)
Time: Fri Sep 17 18:02:40 2021 Nepal Standard Time elapsed time: 1.671846 seconds (0d 0h 0m 1s)

---------------  T H R E A D  ---------------

Current thread (0x000002aa6aadf6c0):  JavaThread "C2 CompilerThread1" daemon [_thread_in_native, id=15728, stack(0x000000ab4cb00000,0x000000ab4cc00000)]


Current CompileTask:
C2:   1671 1330       4       sun.font.TrueTypeFont::initNames (482 bytes)

Stack: [0x000000ab4cb00000,0x000000ab4cc00000]
Native frames: (J=compiled Java code, j=interpreted, Vv=VM code, C=native code)
V  [jvm.dll+0x6687ca]
V  [jvm.dll+0x7ca3c9]
V  [jvm.dll+0x7cbb53]
V  [jvm.dll+0x7cc1b3]
V  [jvm.dll+0x242ea5]
V  [jvm.dll+0xadeca]
V  [jvm.dll+0xae5ac]
V  [jvm.dll+0x11bb57]
V  [jvm.dll+0x5f55a2]
V  [jvm.dll+0x5f9d84]
V  [jvm.dll+0x215da8]
V  [jvm.dll+0x215350]
V  [jvm.dll+0x1a1d9b]
V  [jvm.dll+0x2253a8]
V  [jvm.dll+0x2233ec]
V  [jvm.dll+0x780002]
V  [jvm.dll+0x779b4a]
V  [jvm.dll+0x667666]
C  [ucrtbase.dll+0x21bb2]
C  [KERNEL32.DLL+0x17034]
C  [ntdll.dll+0x52651]


---------------  P R O C E S S  ---------------

Threads class SMR info:
_java_thread_list=0x000002aa63e83ca0, length=23, elements={
0x000002aa6341f740, 0x000002aa63420a70, 0x000002aa634628f0, 0x000002aa634632f0,
0x000002aa634654a0, 0x000002aa63468650, 0x000002aa6346d7c0, 0x000002aa6346f120,
0x000002aa634709b0, 0x000002aa62a4d750, 0x000002aa635a7080, 0x000002aa63653060,
0x000002aa636535c0, 0x000002aa63861690, 0x000002aa639ea7f0, 0x000002aa639ead10,
0x000002aa639eb230, 0x000002aa63cf4850, 0x000002aa41ad8690, 0x000002aa63cf1940,
0x000002aa6aadf6c0, 0x000002aa6b5aa350, 0x000002aa6b9cf710
}

Java Threads: ( => current thread )
  0x000002aa6341f740 JavaThread "Reference Handler" daemon [_thread_blocked, id=27052, stack(0x000000ab4aa00000,0x000000ab4ab00000)]
  0x000002aa63420a70 JavaThread "Finalizer" daemon [_thread_blocked, id=17808, stack(0x000000ab4ab00000,0x000000ab4ac00000)]
  0x000002aa634628f0 JavaThread "Signal Dispatcher" daemon [_thread_blocked, id=26552, stack(0x000000ab4ac00000,0x000000ab4ad00000)]
  0x000002aa634632f0 JavaThread "Attach Listener" daemon [_thread_blocked, id=27152, stack(0x000000ab4ad00000,0x000000ab4ae00000)]
  0x000002aa634654a0 JavaThread "Service Thread" daemon [_thread_blocked, id=1344, stack(0x000000ab4ae00000,0x000000ab4af00000)]
  0x000002aa63468650 JavaThread "Monitor Deflation Thread" daemon [_thread_blocked, id=15988, stack(0x000000ab4af00000,0x000000ab4b000000)]
  0x000002aa6346d7c0 JavaThread "C2 CompilerThread0" daemon [_thread_blocked, id=26068, stack(0x000000ab4b000000,0x000000ab4b100000)]
  0x000002aa6346f120 JavaThread "C1 CompilerThread0" daemon [_thread_blocked, id=18000, stack(0x000000ab4b100000,0x000000ab4b200000)]
  0x000002aa634709b0 JavaThread "Sweeper thread" daemon [_thread_blocked, id=22344, stack(0x000000ab4b200000,0x000000ab4b300000)]
  0x000002aa62a4d750 JavaThread "Common-Cleaner" daemon [_thread_blocked, id=24672, stack(0x000000ab4b300000,0x000000ab4b400000)]
  0x000002aa635a7080 JavaThread "C1 CompilerThread1" daemon [_thread_in_native, id=19444, stack(0x000000ab4b400000,0x000000ab4b500000)]
  0x000002aa63653060 JavaThread "C1 CompilerThread2" daemon [_thread_in_native, id=17456, stack(0x000000ab4b500000,0x000000ab4b600000)]
  0x000002aa636535c0 JavaThread "C1 CompilerThread3" daemon [_thread_blocked, id=26120, stack(0x000000ab4b600000,0x000000ab4b700000)]
  0x000002aa63861690 JavaThread "Notification Thread" daemon [_thread_blocked, id=21480, stack(0x000000ab4b900000,0x000000ab4ba00000)]
  0x000002aa639ea7f0 JavaThread "Java2D Disposer" daemon [_thread_blocked, id=14136, stack(0x000000ab4bb00000,0x000000ab4bc00000)]
  0x000002aa639ead10 JavaThread "AWT-Shutdown" [_thread_blocked, id=24276, stack(0x000000ab4bc00000,0x000000ab4bd00000)]
  0x000002aa639eb230 JavaThread "AWT-Windows" daemon [_thread_in_native, id=26944, stack(0x000000ab4bd00000,0x000000ab4be00000)]
  0x000002aa63cf4850 JavaThread "AWT-EventQueue-0" [_thread_blocked, id=24252, stack(0x000000ab4b700000,0x000000ab4b800000)]
  0x000002aa41ad8690 JavaThread "DestroyJavaVM" [_thread_blocked, id=25420, stack(0x000000ab4a300000,0x000000ab4a400000)]
  0x000002aa63cf1940 JavaThread "D3D Screen Updater" daemon [_thread_blocked, id=11868, stack(0x000000ab4ca00000,0x000000ab4cb00000)]
=>0x000002aa6aadf6c0 JavaThread "C2 CompilerThread1" daemon [_thread_in_native, id=15728, stack(0x000000ab4cb00000,0x000000ab4cc00000)]
  0x000002aa6b5aa350 JavaThread "C2 CompilerThread2" daemon [_thread_in_native, id=2908, stack(0x000000ab4cc00000,0x000000ab4cd00000)]
  0x000002aa6b9cf710 JavaThread "TimerQueue" daemon [_thread_blocked, id=16720, stack(0x000000ab4cd00000,0x000000ab4ce00000)]

Other Threads:
  0x000002aa62aae330 VMThread "VM Thread" [stack: 0x000000ab4a900000,0x000000ab4aa00000] [id=21692]
  0x000002aa637c3580 WatcherThread [stack: 0x000000ab4ba00000,0x000000ab4bb00000] [id=20280]
  0x000002aa41b29410 GCTaskThread "GC Thread#0" [stack: 0x000000ab4a400000,0x000000ab4a500000] [id=9164]
  0x000002aa41b3a2c0 ConcurrentGCThread "G1 Main Marker" [stack: 0x000000ab4a500000,0x000000ab4a600000] [id=8676]
  0x000002aa41b3bdc0 ConcurrentGCThread "G1 Conc#0" [stack: 0x000000ab4a600000,0x000000ab4a700000] [id=7028]
  0x000002aa41bbd660 ConcurrentGCThread "G1 Refine#0" [stack: 0x000000ab4a700000,0x000000ab4a800000] [id=25796]
  0x000002aa6291c6f0 ConcurrentGCThread "G1 Service" [stack: 0x000000ab4a800000,0x000000ab4a900000] [id=16260]

Threads with active compile tasks:
C1 CompilerThread1     1692 1421       3       java.awt.Font::equals (131 bytes)
C1 CompilerThread2     1692 1420       3       sun.java2d.SunGraphics2D::setColor (108 bytes)
C2 CompilerThread1     1692 1330       4       sun.font.TrueTypeFont::initNames (482 bytes)
C2 CompilerThread2     1692 1356       4       sun.font.TrueTypeFont::initAllNames (182 bytes)

VM state: not at safepoint (normal execution)

VM Mutex/Monitor currently owned by a thread: None

Heap address: 0x000000070a200000, size: 3934 MB, Compressed Oops mode: Zero based, Oop shift amount: 3

CDS disabled.
Compressed class space mapped at: 0x0000000800000000-0x0000000840000000, reserved size: 1073741824
Narrow klass base: 0x0000000800000000, Narrow klass shift: 0, Narrow klass range: 0x40000000

GC Precious Log:
 CPUs: 16 total, 16 available
 Memory: 15731M
 Large Page Support: Disabled
 NUMA Support: Disabled
 Compressed Oops: Enabled (Zero based)
 Heap Region Size: 2M
 Heap Min Capacity: 8M
 Heap Initial Capacity: 246M
 Heap Max Capacity: 3934M
 Pre-touch: Disabled
 Parallel Workers: 13
 Concurrent Workers: 3
 Concurrent Refinement Workers: 13
 Periodic GC: Disabled

Heap:
 garbage-first heap   total 251904K, used 20480K [0x000000070a200000, 0x0000000800000000)
  region size 2048K, 11 young (22528K), 0 survivors (0K)
 Metaspace       used 16731K, committed 16960K, reserved 1064960K
  class space    used 1750K, committed 1856K, reserved 1048576K

Heap Regions: E=young(eden), S=young(survivor), O=old, HS=humongous(starts), HC=humongous(continues), CS=collection set, F=free, OA=open archive, CA=closed archive, TAMS=top-at-mark-start (previous, next)
|   0|0x000000070a200000, 0x000000070a200000, 0x000000070a400000|  0%| F|  |TAMS 0x000000070a200000, 0x000000070a200000| Untracked 
|   1|0x000000070a400000, 0x000000070a400000, 0x000000070a600000|  0%| F|  |TAMS 0x000000070a400000, 0x000000070a400000| Untracked 
|   2|0x000000070a600000, 0x000000070a600000, 0x000000070a800000|  0%| F|  |TAMS 0x000000070a600000, 0x000000070a600000| Untracked 
|   3|0x000000070a800000, 0x000000070a800000, 0x000000070aa00000|  0%| F|  |TAMS 0x000000070a800000, 0x000000070a800000| Untracked 
|   4|0x000000070aa00000, 0x000000070aa00000, 0x000000070ac00000|  0%| F|  |TAMS 0x000000070aa00000, 0x000000070aa00000| Untracked 
|   5|0x000000070ac00000, 0x000000070ac00000, 0x000000070ae00000|  0%| F|  |TAMS 0x000000070ac00000, 0x000000070ac00000| Untracked 
|   6|0x000000070ae00000, 0x000000070ae00000, 0x000000070b000000|  0%| F|  |TAMS 0x000000070ae00000, 0x000000070ae00000| Untracked 
|   7|0x000000070b000000, 0x000000070b000000, 0x000000070b200000|  0%| F|  |TAMS 0x000000070b000000, 0x000000070b000000| Untracked 
|   8|0x000000070b200000, 0x000000070b200000, 0x000000070b400000|  0%| F|  |TAMS 0x000000070b200000, 0x000000070b200000| Untracked 
|   9|0x000000070b400000, 0x000000070b400000, 0x000000070b600000|  0%| F|  |TAMS 0x000000070b400000, 0x000000070b400000| Untracked 
|  10|0x000000070b600000, 0x000000070b600000, 0x000000070b800000|  0%| F|  |TAMS 0x000000070b600000, 0x000000070b600000| Untracked 
|  11|0x000000070b800000, 0x000000070b800000, 0x000000070ba00000|  0%| F|  |TAMS 0x000000070b800000, 0x000000070b800000| Untracked 
|  12|0x000000070ba00000, 0x000000070ba00000, 0x000000070bc00000|  0%| F|  |TAMS 0x000000070ba00000, 0x000000070ba00000| Untracked 
|  13|0x000000070bc00000, 0x000000070bc00000, 0x000000070be00000|  0%| F|  |TAMS 0x000000070bc00000, 0x000000070bc00000| Untracked 
|  14|0x000000070be00000, 0x000000070be00000, 0x000000070c000000|  0%| F|  |TAMS 0x000000070be00000, 0x000000070be00000| Untracked 
|  15|0x000000070c000000, 0x000000070c000000, 0x000000070c200000|  0%| F|  |TAMS 0x000000070c000000, 0x000000070c000000| Untracked 
|  16|0x000000070c200000, 0x000000070c200000, 0x000000070c400000|  0%| F|  |TAMS 0x000000070c200000, 0x000000070c200000| Untracked 
|  17|0x000000070c400000, 0x000000070c400000, 0x000000070c600000|  0%| F|  |TAMS 0x000000070c400000, 0x000000070c400000| Untracked 
|  18|0x000000070c600000, 0x000000070c600000, 0x000000070c800000|  0%| F|  |TAMS 0x000000070c600000, 0x000000070c600000| Untracked 
|  19|0x000000070c800000, 0x000000070c800000, 0x000000070ca00000|  0%| F|  |TAMS 0x000000070c800000, 0x000000070c800000| Untracked 
|  20|0x000000070ca00000, 0x000000070ca00000, 0x000000070cc00000|  0%| F|  |TAMS 0x000000070ca00000, 0x000000070ca00000| Untracked 
|  21|0x000000070cc00000, 0x000000070cc00000, 0x000000070ce00000|  0%| F|  |TAMS 0x000000070cc00000, 0x000000070cc00000| Untracked 
|  22|0x000000070ce00000, 0x000000070ce00000, 0x000000070d000000|  0%| F|  |TAMS 0x000000070ce00000, 0x000000070ce00000| Untracked 
|  23|0x000000070d000000, 0x000000070d000000, 0x000000070d200000|  0%| F|  |TAMS 0x000000070d000000, 0x000000070d000000| Untracked 
|  24|0x000000070d200000, 0x000000070d200000, 0x000000070d400000|  0%| F|  |TAMS 0x000000070d200000, 0x000000070d200000| Untracked 
|  25|0x000000070d400000, 0x000000070d400000, 0x000000070d600000|  0%| F|  |TAMS 0x000000070d400000, 0x000000070d400000| Untracked 
|  26|0x000000070d600000, 0x000000070d600000, 0x000000070d800000|  0%| F|  |TAMS 0x000000070d600000, 0x000000070d600000| Untracked 
|  27|0x000000070d800000, 0x000000070d800000, 0x000000070da00000|  0%| F|  |TAMS 0x000000070d800000, 0x000000070d800000| Untracked 
|  28|0x000000070da00000, 0x000000070da00000, 0x000000070dc00000|  0%| F|  |TAMS 0x000000070da00000, 0x000000070da00000| Untracked 
|  29|0x000000070dc00000, 0x000000070dc00000, 0x000000070de00000|  0%| F|  |TAMS 0x000000070dc00000, 0x000000070dc00000| Untracked 
|  30|0x000000070de00000, 0x000000070de00000, 0x000000070e000000|  0%| F|  |TAMS 0x000000070de00000, 0x000000070de00000| Untracked 
|  31|0x000000070e000000, 0x000000070e000000, 0x000000070e200000|  0%| F|  |TAMS 0x000000070e000000, 0x000000070e000000| Untracked 
|  32|0x000000070e200000, 0x000000070e200000, 0x000000070e400000|  0%| F|  |TAMS 0x000000070e200000, 0x000000070e200000| Untracked 
|  33|0x000000070e400000, 0x000000070e400000, 0x000000070e600000|  0%| F|  |TAMS 0x000000070e400000, 0x000000070e400000| Untracked 
|  34|0x000000070e600000, 0x000000070e600000, 0x000000070e800000|  0%| F|  |TAMS 0x000000070e600000, 0x000000070e600000| Untracked 
|  35|0x000000070e800000, 0x000000070e800000, 0x000000070ea00000|  0%| F|  |TAMS 0x000000070e800000, 0x000000070e800000| Untracked 
|  36|0x000000070ea00000, 0x000000070ea00000, 0x000000070ec00000|  0%| F|  |TAMS 0x000000070ea00000, 0x000000070ea00000| Untracked 
|  37|0x000000070ec00000, 0x000000070ec00000, 0x000000070ee00000|  0%| F|  |TAMS 0x000000070ec00000, 0x000000070ec00000| Untracked 
|  38|0x000000070ee00000, 0x000000070ee00000, 0x000000070f000000|  0%| F|  |TAMS 0x000000070ee00000, 0x000000070ee00000| Untracked 
|  39|0x000000070f000000, 0x000000070f000000, 0x000000070f200000|  0%| F|  |TAMS 0x000000070f000000, 0x000000070f000000| Untracked 
|  40|0x000000070f200000, 0x000000070f200000, 0x000000070f400000|  0%| F|  |TAMS 0x000000070f200000, 0x000000070f200000| Untracked 
|  41|0x000000070f400000, 0x000000070f400000, 0x000000070f600000|  0%| F|  |TAMS 0x000000070f400000, 0x000000070f400000| Untracked 
|  42|0x000000070f600000, 0x000000070f600000, 0x000000070f800000|  0%| F|  |TAMS 0x000000070f600000, 0x000000070f600000| Untracked 
|  43|0x000000070f800000, 0x000000070f800000, 0x000000070fa00000|  0%| F|  |TAMS 0x000000070f800000, 0x000000070f800000| Untracked 
|  44|0x000000070fa00000, 0x000000070fa00000, 0x000000070fc00000|  0%| F|  |TAMS 0x000000070fa00000, 0x000000070fa00000| Untracked 
|  45|0x000000070fc00000, 0x000000070fc00000, 0x000000070fe00000|  0%| F|  |TAMS 0x000000070fc00000, 0x000000070fc00000| Untracked 
|  46|0x000000070fe00000, 0x000000070fe00000, 0x0000000710000000|  0%| F|  |TAMS 0x000000070fe00000, 0x000000070fe00000| Untracked 
|  47|0x0000000710000000, 0x0000000710000000, 0x0000000710200000|  0%| F|  |TAMS 0x0000000710000000, 0x0000000710000000| Untracked 
|  48|0x0000000710200000, 0x0000000710200000, 0x0000000710400000|  0%| F|  |TAMS 0x0000000710200000, 0x0000000710200000| Untracked 
|  49|0x0000000710400000, 0x0000000710400000, 0x0000000710600000|  0%| F|  |TAMS 0x0000000710400000, 0x0000000710400000| Untracked 
|  50|0x0000000710600000, 0x0000000710600000, 0x0000000710800000|  0%| F|  |TAMS 0x0000000710600000, 0x0000000710600000| Untracked 
|  51|0x0000000710800000, 0x0000000710800000, 0x0000000710a00000|  0%| F|  |TAMS 0x0000000710800000, 0x0000000710800000| Untracked 
|  52|0x0000000710a00000, 0x0000000710a00000, 0x0000000710c00000|  0%| F|  |TAMS 0x0000000710a00000, 0x0000000710a00000| Untracked 
|  53|0x0000000710c00000, 0x0000000710c00000, 0x0000000710e00000|  0%| F|  |TAMS 0x0000000710c00000, 0x0000000710c00000| Untracked 
|  54|0x0000000710e00000, 0x0000000710e00000, 0x0000000711000000|  0%| F|  |TAMS 0x0000000710e00000, 0x0000000710e00000| Untracked 
|  55|0x0000000711000000, 0x0000000711000000, 0x0000000711200000|  0%| F|  |TAMS 0x0000000711000000, 0x0000000711000000| Untracked 
|  56|0x0000000711200000, 0x0000000711200000, 0x0000000711400000|  0%| F|  |TAMS 0x0000000711200000, 0x0000000711200000| Untracked 
|  57|0x0000000711400000, 0x0000000711400000, 0x0000000711600000|  0%| F|  |TAMS 0x0000000711400000, 0x0000000711400000| Untracked 
|  58|0x0000000711600000, 0x0000000711600000, 0x0000000711800000|  0%| F|  |TAMS 0x0000000711600000, 0x0000000711600000| Untracked 
|  59|0x0000000711800000, 0x0000000711800000, 0x0000000711a00000|  0%| F|  |TAMS 0x0000000711800000, 0x0000000711800000| Untracked 
|  60|0x0000000711a00000, 0x0000000711a00000, 0x0000000711c00000|  0%| F|  |TAMS 0x0000000711a00000, 0x0000000711a00000| Untracked 
|  61|0x0000000711c00000, 0x0000000711c00000, 0x0000000711e00000|  0%| F|  |TAMS 0x0000000711c00000, 0x0000000711c00000| Untracked 
|  62|0x0000000711e00000, 0x0000000711e00000, 0x0000000712000000|  0%| F|  |TAMS 0x0000000711e00000, 0x0000000711e00000| Untracked 
|  63|0x0000000712000000, 0x0000000712000000, 0x0000000712200000|  0%| F|  |TAMS 0x0000000712000000, 0x0000000712000000| Untracked 
|  64|0x0000000712200000, 0x0000000712200000, 0x0000000712400000|  0%| F|  |TAMS 0x0000000712200000, 0x0000000712200000| Untracked 
|  65|0x0000000712400000, 0x0000000712400000, 0x0000000712600000|  0%| F|  |TAMS 0x0000000712400000, 0x0000000712400000| Untracked 
|  66|0x0000000712600000, 0x0000000712600000, 0x0000000712800000|  0%| F|  |TAMS 0x0000000712600000, 0x0000000712600000| Untracked 
|  67|0x0000000712800000, 0x0000000712800000, 0x0000000712a00000|  0%| F|  |TAMS 0x0000000712800000, 0x0000000712800000| Untracked 
|  68|0x0000000712a00000, 0x0000000712a00000, 0x0000000712c00000|  0%| F|  |TAMS 0x0000000712a00000, 0x0000000712a00000| Untracked 
|  69|0x0000000712c00000, 0x0000000712c00000, 0x0000000712e00000|  0%| F|  |TAMS 0x0000000712c00000, 0x0000000712c00000| Untracked 
|  70|0x0000000712e00000, 0x0000000712e00000, 0x0000000713000000|  0%| F|  |TAMS 0x0000000712e00000, 0x0000000712e00000| Untracked 
|  71|0x0000000713000000, 0x0000000713000000, 0x0000000713200000|  0%| F|  |TAMS 0x0000000713000000, 0x0000000713000000| Untracked 
|  72|0x0000000713200000, 0x0000000713200000, 0x0000000713400000|  0%| F|  |TAMS 0x0000000713200000, 0x0000000713200000| Untracked 
|  73|0x0000000713400000, 0x0000000713400000, 0x0000000713600000|  0%| F|  |TAMS 0x0000000713400000, 0x0000000713400000| Untracked 
|  74|0x0000000713600000, 0x0000000713600000, 0x0000000713800000|  0%| F|  |TAMS 0x0000000713600000, 0x0000000713600000| Untracked 
|  75|0x0000000713800000, 0x0000000713800000, 0x0000000713a00000|  0%| F|  |TAMS 0x0000000713800000, 0x0000000713800000| Untracked 
|  76|0x0000000713a00000, 0x0000000713a00000, 0x0000000713c00000|  0%| F|  |TAMS 0x0000000713a00000, 0x0000000713a00000| Untracked 
|  77|0x0000000713c00000, 0x0000000713c00000, 0x0000000713e00000|  0%| F|  |TAMS 0x0000000713c00000, 0x0000000713c00000| Untracked 
|  78|0x0000000713e00000, 0x0000000713e00000, 0x0000000714000000|  0%| F|  |TAMS 0x0000000713e00000, 0x0000000713e00000| Untracked 
|  79|0x0000000714000000, 0x0000000714000000, 0x0000000714200000|  0%| F|  |TAMS 0x0000000714000000, 0x0000000714000000| Untracked 
|  80|0x0000000714200000, 0x0000000714200000, 0x0000000714400000|  0%| F|  |TAMS 0x0000000714200000, 0x0000000714200000| Untracked 
|  81|0x0000000714400000, 0x0000000714400000, 0x0000000714600000|  0%| F|  |TAMS 0x0000000714400000, 0x0000000714400000| Untracked 
|  82|0x0000000714600000, 0x0000000714600000, 0x0000000714800000|  0%| F|  |TAMS 0x0000000714600000, 0x0000000714600000| Untracked 
|  83|0x0000000714800000, 0x0000000714800000, 0x0000000714a00000|  0%| F|  |TAMS 0x0000000714800000, 0x0000000714800000| Untracked 
|  84|0x0000000714a00000, 0x0000000714a00000, 0x0000000714c00000|  0%| F|  |TAMS 0x0000000714a00000, 0x0000000714a00000| Untracked 
|  85|0x0000000714c00000, 0x0000000714c00000, 0x0000000714e00000|  0%| F|  |TAMS 0x0000000714c00000, 0x0000000714c00000| Untracked 
|  86|0x0000000714e00000, 0x0000000714e00000, 0x0000000715000000|  0%| F|  |TAMS 0x0000000714e00000, 0x0000000714e00000| Untracked 
|  87|0x0000000715000000, 0x0000000715000000, 0x0000000715200000|  0%| F|  |TAMS 0x0000000715000000, 0x0000000715000000| Untracked 
|  88|0x0000000715200000, 0x0000000715200000, 0x0000000715400000|  0%| F|  |TAMS 0x0000000715200000, 0x0000000715200000| Untracked 
|  89|0x0000000715400000, 0x0000000715400000, 0x0000000715600000|  0%| F|  |TAMS 0x0000000715400000, 0x0000000715400000| Untracked 
|  90|0x0000000715600000, 0x0000000715600000, 0x0000000715800000|  0%| F|  |TAMS 0x0000000715600000, 0x0000000715600000| Untracked 
|  91|0x0000000715800000, 0x0000000715800000, 0x0000000715a00000|  0%| F|  |TAMS 0x0000000715800000, 0x0000000715800000| Untracked 
|  92|0x0000000715a00000, 0x0000000715a00000, 0x0000000715c00000|  0%| F|  |TAMS 0x0000000715a00000, 0x0000000715a00000| Untracked 
|  93|0x0000000715c00000, 0x0000000715c00000, 0x0000000715e00000|  0%| F|  |TAMS 0x0000000715c00000, 0x0000000715c00000| Untracked 
|  94|0x0000000715e00000, 0x0000000715e00000, 0x0000000716000000|  0%| F|  |TAMS 0x0000000715e00000, 0x0000000715e00000| Untracked 
|  95|0x0000000716000000, 0x0000000716000000, 0x0000000716200000|  0%| F|  |TAMS 0x0000000716000000, 0x0000000716000000| Untracked 
|  96|0x0000000716200000, 0x0000000716200000, 0x0000000716400000|  0%| F|  |TAMS 0x0000000716200000, 0x0000000716200000| Untracked 
|  97|0x0000000716400000, 0x0000000716400000, 0x0000000716600000|  0%| F|  |TAMS 0x0000000716400000, 0x0000000716400000| Untracked 
|  98|0x0000000716600000, 0x0000000716600000, 0x0000000716800000|  0%| F|  |TAMS 0x0000000716600000, 0x0000000716600000| Untracked 
|  99|0x0000000716800000, 0x0000000716800000, 0x0000000716a00000|  0%| F|  |TAMS 0x0000000716800000, 0x0000000716800000| Untracked 
| 100|0x0000000716a00000, 0x0000000716a00000, 0x0000000716c00000|  0%| F|  |TAMS 0x0000000716a00000, 0x0000000716a00000| Untracked 
| 101|0x0000000716c00000, 0x0000000716c00000, 0x0000000716e00000|  0%| F|  |TAMS 0x0000000716c00000, 0x0000000716c00000| Untracked 
| 102|0x0000000716e00000, 0x0000000716e00000, 0x0000000717000000|  0%| F|  |TAMS 0x0000000716e00000, 0x0000000716e00000| Untracked 
| 103|0x0000000717000000, 0x0000000717000000, 0x0000000717200000|  0%| F|  |TAMS 0x0000000717000000, 0x0000000717000000| Untracked 
| 104|0x0000000717200000, 0x0000000717200000, 0x0000000717400000|  0%| F|  |TAMS 0x0000000717200000, 0x0000000717200000| Untracked 
| 105|0x0000000717400000, 0x0000000717400000, 0x0000000717600000|  0%| F|  |TAMS 0x0000000717400000, 0x0000000717400000| Untracked 
| 106|0x0000000717600000, 0x0000000717600000, 0x0000000717800000|  0%| F|  |TAMS 0x0000000717600000, 0x0000000717600000| Untracked 
| 107|0x0000000717800000, 0x0000000717800000, 0x0000000717a00000|  0%| F|  |TAMS 0x0000000717800000, 0x0000000717800000| Untracked 
| 108|0x0000000717a00000, 0x0000000717a00000, 0x0000000717c00000|  0%| F|  |TAMS 0x0000000717a00000, 0x0000000717a00000| Untracked 
| 109|0x0000000717c00000, 0x0000000717c00000, 0x0000000717e00000|  0%| F|  |TAMS 0x0000000717c00000, 0x0000000717c00000| Untracked 
| 110|0x0000000717e00000, 0x0000000717e00000, 0x0000000718000000|  0%| F|  |TAMS 0x0000000717e00000, 0x0000000717e00000| Untracked 
| 111|0x0000000718000000, 0x0000000718000000, 0x0000000718200000|  0%| F|  |TAMS 0x0000000718000000, 0x0000000718000000| Untracked 
| 112|0x0000000718200000, 0x0000000718400000, 0x0000000718400000|100%| E|  |TAMS 0x0000000718200000, 0x0000000718200000| Complete 
| 113|0x0000000718400000, 0x0000000718600000, 0x0000000718600000|100%| E|CS|TAMS 0x0000000718400000, 0x0000000718400000| Complete 
| 114|0x0000000718600000, 0x0000000718800000, 0x0000000718800000|100%| E|CS|TAMS 0x0000000718600000, 0x0000000718600000| Complete 
| 115|0x0000000718800000, 0x0000000718a00000, 0x0000000718a00000|100%| E|CS|TAMS 0x0000000718800000, 0x0000000718800000| Complete 
| 116|0x0000000718a00000, 0x0000000718c00000, 0x0000000718c00000|100%| E|CS|TAMS 0x0000000718a00000, 0x0000000718a00000| Complete 
| 117|0x0000000718c00000, 0x0000000718e00000, 0x0000000718e00000|100%| E|CS|TAMS 0x0000000718c00000, 0x0000000718c00000| Complete 
| 118|0x0000000718e00000, 0x0000000719000000, 0x0000000719000000|100%| E|CS|TAMS 0x0000000718e00000, 0x0000000718e00000| Complete 
| 119|0x0000000719000000, 0x0000000719200000, 0x0000000719200000|100%| E|CS|TAMS 0x0000000719000000, 0x0000000719000000| Complete 
| 120|0x0000000719200000, 0x0000000719400000, 0x0000000719400000|100%| E|CS|TAMS 0x0000000719200000, 0x0000000719200000| Complete 
| 121|0x0000000719400000, 0x0000000719600000, 0x0000000719600000|100%| E|CS|TAMS 0x0000000719400000, 0x0000000719400000| Complete 
| 122|0x0000000719600000, 0x0000000719800000, 0x0000000719800000|100%| E|CS|TAMS 0x0000000719600000, 0x0000000719600000| Complete 

Card table byte_map: [0x000002aa56fa0000,0x000002aa57750000] _byte_map_base: 0x000002aa5374f000

Marking Bits (Prev, Next): (CMBitMap*) 0x000002aa41b29b00, (CMBitMap*) 0x000002aa41b29b40
 Prev Bits: [0x000002aa57f00000, 0x000002aa5bc78000)
 Next Bits: [0x000002aa5bc80000, 0x000002aa5f9f8000)

Polling page: 0x000002aa41bc0000

Metaspace:

Usage:
  Non-class:     14.63 MB used.
      Class:      1.71 MB used.
       Both:     16.34 MB used.

Virtual space:
  Non-class space:       16.00 MB reserved,      14.75 MB ( 92%) committed,  2 nodes.
      Class space:        1.00 GB reserved,       1.81 MB ( <1%) committed,  1 nodes.
              Both:        1.02 GB reserved,      16.56 MB (  2%) committed. 

Chunk freelists:
   Non-Class:  1023.00 KB
       Class:  2.24 MB
        Both:  3.24 MB

MaxMetaspaceSize: 17179869184.00 GB
CompressedClassSpaceSize: 1.00 GB
 - commit_granule_bytes: 65536.
 - commit_granule_words: 8192.
 - virtual_space_node_default_size: 1048576.
 - enlarge_chunks_in_place: 1.
 - new_chunks_are_fully_committed: 0.
 - uncommit_free_chunks: 1.
 - use_allocation_guard: 0.
 - handle_deallocations: 1.


Internal statistics:

num_allocs_failed_limit: 0.
num_arena_births: 114.
num_arena_deaths: 0.
num_vsnodes_births: 3.
num_vsnodes_deaths: 0.
num_space_committed: 265.
num_space_uncommitted: 0.
num_chunks_returned_to_freelist: 0.
num_chunks_taken_from_freelist: 183.
num_chunk_merges: 0.
num_chunk_splits: 98.
num_chunks_enlarged: 48.
num_purges: 0.

CodeHeap 'non-profiled nmethods': size=119168Kb used=419Kb max_used=419Kb free=118748Kb
 bounds [0x000002aa4e3c0000, 0x000002aa4e630000, 0x000002aa55820000]
CodeHeap 'profiled nmethods': size=119104Kb used=2238Kb max_used=2238Kb free=116865Kb
 bounds [0x000002aa46f70000, 0x000002aa471e0000, 0x000002aa4e3c0000]
CodeHeap 'non-nmethods': size=7488Kb used=2976Kb max_used=3008Kb free=4511Kb
 bounds [0x000002aa46820000, 0x000002aa46b20000, 0x000002aa46f70000]
 total_blobs=2027 nmethods=1415 adapters=522
 compilation: enabled
              stopped_count=0, restarted_count=0
 full_count=0

Compilation events (20 events):
Event: 1.658 Thread 0x000002aa63653060 nmethod 1404 0x000002aa4719aa90 code [0x000002aa4719ac60, 0x000002aa4719ad58]
Event: 1.658 Thread 0x000002aa635a7080 nmethod 1403 0x000002aa4719ae10 code [0x000002aa4719afc0, 0x000002aa4719b0b8]
Event: 1.658 Thread 0x000002aa63653060 1405       3       java.util.Arrays::fill (28 bytes)
Event: 1.658 Thread 0x000002aa63653060 nmethod 1405 0x000002aa4719b190 code [0x000002aa4719b340, 0x000002aa4719b568]
Event: 1.658 Thread 0x000002aa635a7080 1406       3       java.awt.Rectangle::<init> (26 bytes)
Event: 1.659 Thread 0x000002aa635a7080 nmethod 1406 0x000002aa4719b690 code [0x000002aa4719b840, 0x000002aa4719ba78]
Event: 1.661 Thread 0x000002aa63653060 1408       3       java.awt.geom.Rectangle2D$Float::getY (6 bytes)
Event: 1.661 Thread 0x000002aa636535c0 1407       3       java.awt.geom.Rectangle2D$Float::getX (6 bytes)
Event: 1.661 Thread 0x000002aa635a7080 1409       3       java.awt.geom.Rectangle2D$Float::getWidth (6 bytes)
Event: 1.661 Thread 0x000002aa6346f120 1410       3       sun.java2d.pipe.Region::clipRound (34 bytes)
Event: 1.661 Thread 0x000002aa636535c0 nmethod 1407 0x000002aa4719bb90 code [0x000002aa4719bd20, 0x000002aa4719be38]
Event: 1.662 Thread 0x000002aa63653060 nmethod 1408 0x000002aa4719bf10 code [0x000002aa4719c0a0, 0x000002aa4719c1b8]
Event: 1.662 Thread 0x000002aa635a7080 nmethod 1409 0x000002aa4719c290 code [0x000002aa4719c420, 0x000002aa4719c538]
Event: 1.662 Thread 0x000002aa636535c0 1411       3       java.awt.geom.Rectangle2D$Float::getHeight (6 bytes)
Event: 1.662 Thread 0x000002aa636535c0 nmethod 1411 0x000002aa4719c610 code [0x000002aa4719c7a0, 0x000002aa4719c8b8]
Event: 1.662 Thread 0x000002aa636535c0 1412       3       sun.awt.image.PixelConverter$ArgbPre::rgbToPixel (100 bytes)
Event: 1.662 Thread 0x000002aa6346f120 nmethod 1410 0x000002aa4719c990 code [0x000002aa4719cb80, 0x000002aa4719ce28]
Event: 1.662 Thread 0x000002aa636535c0 nmethod 1412 0x000002aa4719cf10 code [0x000002aa4719d0c0, 0x000002aa4719d298]
Event: 1.663 Thread 0x000002aa635a7080 1413       3       sun.awt.SunHints$Value::hashCode (5 bytes)
Event: 1.663 Thread 0x000002aa635a7080 nmethod 1413 0x000002aa4719d310 code [0x000002aa4719d4c0, 0x000002aa4719d5e8]

GC Heap History (0 events):
No events

Deoptimization events (20 events):
Event: 0.852 Thread 0x000002aa41ad8690 DEOPT PACKING pc=0x000002aa4e3f1b78 sp=0x000000ab4a3fead0
Event: 0.852 Thread 0x000002aa41ad8690 DEOPT UNPACKING pc=0x000002aa4686d72e sp=0x000000ab4a3fea10 mode 2
Event: 1.336 Thread 0x000002aa63cf4850 Uncommon trap: trap_request=0xffffff45 fr.pc=0x000002aa4e4084f0 relative=0x00000000000004b0
Event: 1.336 Thread 0x000002aa63cf4850 Uncommon trap: reason=unstable_if action=reinterpret pc=0x000002aa4e4084f0 method=java.lang.StringLatin1.toLowerCase(Ljava/lang/String;[BLjava/util/Locale;)Ljava/lang/String; @ 43 c2
Event: 1.336 Thread 0x000002aa63cf4850 DEOPT PACKING pc=0x000002aa4e4084f0 sp=0x000000ab4b7fc260
Event: 1.336 Thread 0x000002aa63cf4850 DEOPT UNPACKING pc=0x000002aa4686d72e sp=0x000000ab4b7fc1d0 mode 2
Event: 1.486 Thread 0x000002aa63cf4850 DEOPT PACKING pc=0x000002aa471339b8 sp=0x000000ab4b7fc530
Event: 1.486 Thread 0x000002aa63cf4850 DEOPT UNPACKING pc=0x000002aa4686dece sp=0x000000ab4b7fb968 mode 0
Event: 1.531 Thread 0x000002aa63cf4850 Uncommon trap: trap_request=0xffffff45 fr.pc=0x000002aa4e3ce4b8 relative=0x0000000000000218
Event: 1.531 Thread 0x000002aa63cf4850 Uncommon trap: reason=unstable_if action=reinterpret pc=0x000002aa4e3ce4b8 method=java.lang.String.isLatin1()Z @ 10 c2
Event: 1.531 Thread 0x000002aa63cf4850 DEOPT PACKING pc=0x000002aa4e3ce4b8 sp=0x000000ab4b7fcce0
Event: 1.531 Thread 0x000002aa63cf4850 DEOPT UNPACKING pc=0x000002aa4686d72e sp=0x000000ab4b7fcc10 mode 2
Event: 1.542 Thread 0x000002aa63cf4850 Uncommon trap: trap_request=0xffffff45 fr.pc=0x000002aa4e3cf468 relative=0x0000000000000048
Event: 1.542 Thread 0x000002aa63cf4850 Uncommon trap: reason=unstable_if action=reinterpret pc=0x000002aa4e3cf468 method=java.lang.CharacterData.of(I)Ljava/lang/CharacterData; @ 4 c2
Event: 1.542 Thread 0x000002aa63cf4850 DEOPT PACKING pc=0x000002aa4e3cf468 sp=0x000000ab4b7fcc30
Event: 1.542 Thread 0x000002aa63cf4850 DEOPT UNPACKING pc=0x000002aa4686d72e sp=0x000000ab4b7fcbd0 mode 2
Event: 1.547 Thread 0x000002aa63cf4850 Uncommon trap: trap_request=0xffffff45 fr.pc=0x000002aa4e4180b0 relative=0x00000000000003f0
Event: 1.547 Thread 0x000002aa63cf4850 Uncommon trap: reason=unstable_if action=reinterpret pc=0x000002aa4e4180b0 method=java.lang.Character.isSurrogate(C)Z @ 3 c2
Event: 1.547 Thread 0x000002aa63cf4850 DEOPT PACKING pc=0x000002aa4e4180b0 sp=0x000000ab4b7fc920
Event: 1.547 Thread 0x000002aa63cf4850 DEOPT UNPACKING pc=0x000002aa4686d72e sp=0x000000ab4b7fc848 mode 2

Classes unloaded (0 events):
No events

Classes redefined (0 events):
No events

Internal exceptions (18 events):
Event: 0.411 Thread 0x000002aa41ad8690 Exception <a 'java/lang/NoSuchMethodError'{0x0000000719569908}: 'void java.lang.invoke.DirectMethodHandle$Holder.invokeSpecial(java.lang.Object, java.lang.Object, java.lang.Object)'> (0x0000000719569908) 
thrown [t:\workspace\open\src\hotspot\share\interpreter\linkResolver.cpp, line 790]
Event: 0.422 Thread 0x000002aa41ad8690 Exception <a 'java/lang/NoSuchMethodError'{0x0000000719580960}: 'void java.lang.invoke.DirectMethodHandle$Holder.invokeSpecial(java.lang.Object, java.lang.Object, java.lang.Object, java.lang.Object, java.lang.Object)'> (0x0000000719580960) 
thrown [t:\workspace\open\src\hotspot\share\interpreter\linkResolver.cpp, line 790]
Event: 0.428 Thread 0x000002aa41ad8690 Exception <a 'java/lang/NoSuchMethodError'{0x0000000719593428}: 'java.lang.Object java.lang.invoke.DirectMethodHandle$Holder.invokeInterface(java.lang.Object, java.lang.Object)'> (0x0000000719593428) 
thrown [t:\workspace\open\src\hotspot\share\interpreter\linkResolver.cpp, line 790]
Event: 0.429 Thread 0x000002aa41ad8690 Exception <a 'java/lang/IncompatibleClassChangeError'{0x0000000719596b78}: Found class java.lang.Object, but interface was expected> (0x0000000719596b78) 
thrown [t:\workspace\open\src\hotspot\share\interpreter\linkResolver.cpp, line 857]
Event: 0.430 Thread 0x000002aa41ad8690 Exception <a 'java/lang/NoSuchMethodError'{0x00000007195999a0}: 'void java.lang.invoke.DirectMethodHandle$Holder.invokeStatic(java.lang.Object, java.lang.Object, java.lang.Object, java.lang.Object)'> (0x00000007195999a0) 
thrown [t:\workspace\open\src\hotspot\share\interpreter\linkResolver.cpp, line 790]
Event: 0.500 Thread 0x000002aa41ad8690 Exception <a 'java/lang/ClassNotFoundException'{0x000000071929a5d0}: sun/awt/resources/spi/awtProvider> (0x000000071929a5d0) 
thrown [t:\workspace\open\src\hotspot\share\classfile\systemDictionary.cpp, line 256]
Event: 0.542 Thread 0x000002aa41ad8690 Exception <a 'java/io/FileNotFoundException'{0x00000007192ef120}> (0x00000007192ef120) 
thrown [t:\workspace\open\src\hotspot\share\prims\jni.cpp, line 579]
Event: 0.556 Thread 0x000002aa41ad8690 Exception <a 'java/io/FileNotFoundException'{0x000000071931da18}> (0x000000071931da18) 
thrown [t:\workspace\open\src\hotspot\share\prims\jni.cpp, line 579]
Event: 0.557 Thread 0x000002aa41ad8690 Exception <a 'java/lang/NoSuchMethodError'{0x000000071931ed00}: 'java.lang.Object java.lang.invoke.DirectMethodHandle$Holder.invokeStatic(java.lang.Object)'> (0x000000071931ed00) 
thrown [t:\workspace\open\src\hotspot\share\interpreter\linkResolver.cpp, line 790]
Event: 0.620 Thread 0x000002aa41ad8690 Exception <a 'java/lang/NoSuchMethodError'{0x0000000719365880}: 'java.lang.Object java.lang.invoke.DirectMethodHandle$Holder.invokeStaticInit(java.lang.Object)'> (0x0000000719365880) 
thrown [t:\workspace\open\src\hotspot\share\interpreter\linkResolver.cpp, line 790]
Event: 0.777 Thread 0x000002aa41ad8690 Exception <a 'java/lang/NoSuchMethodError'{0x0000000719013690}: 'java.lang.Object java.lang.invoke.DirectMethodHandle$Holder.newInvokeSpecial(java.lang.Object, java.lang.Object, java.lang.Object, java.lang.Object, java.lang.Object)'> (0x0000000719013690) 
thrown [t:\workspace\open\src\hotspot\share\interpreter\linkResolver.cpp, line 790]
Event: 0.780 Thread 0x000002aa41ad8690 Exception <a 'java/lang/NoSuchMethodError'{0x000000071901f178}: 'java.lang.Object java.lang.invoke.DirectMethodHandle$Holder.invokeStatic(java.lang.Object, int, java.lang.Object, java.lang.Object, java.lang.Object, java.lang.Object)'> (0x000000071901f178) 
thrown [t:\workspace\open\src\hotspot\share\interpreter\linkResolver.cpp, line 790]
Event: 0.788 Thread 0x000002aa41ad8690 Exception <a 'java/lang/NoSuchMethodError'{0x0000000719045240}: 'java.lang.Object java.lang.invoke.DirectMethodHandle$Holder.invokeStatic(java.lang.Object, int, java.lang.Object)'> (0x0000000719045240) 
thrown [t:\workspace\open\src\hotspot\share\interpreter\linkResolver.cpp, line 790]
Event: 0.842 Thread 0x000002aa41ad8690 Exception <a 'java/lang/ClassNotFoundException'{0x00000007190fccb8}: com/sun/swing/internal/plaf/metal/resources/spi/metalProvider> (0x00000007190fccb8) 
thrown [t:\workspace\open\src\hotspot\share\classfile\systemDictionary.cpp, line 256]
Event: 0.844 Thread 0x000002aa41ad8690 Exception <a 'java/lang/ClassNotFoundException'{0x0000000719101100}: com/sun/swing/internal/plaf/basic/resources/spi/basicProvider> (0x0000000719101100) 
thrown [t:\workspace\open\src\hotspot\share\classfile\systemDictionary.cpp, line 256]
Event: 0.852 Thread 0x000002aa41ad8690 Implicit null exception at 0x000002aa4e3f1ad8 to 0x000002aa4e3f1b6e
Event: 0.971 Thread 0x000002aa639eb230 Exception <a 'java/lang/NoSuchMethodError'{0x00000007193d2a70}: 'void java.lang.invoke.DirectMethodHandle$Holder.invokeVirtual(java.lang.Object, java.lang.Object)'> (0x00000007193d2a70) 
thrown [t:\workspace\open\src\hotspot\share\interpreter\linkResolver.cpp, line 790]
Event: 0.994 Thread 0x000002aa41ad8690 Exception <a 'java/lang/NoSuchMethodError'{0x0000000719193738}: 'void java.lang.invoke.DirectMethodHandle$Holder.invokeStaticInit(java.lang.Object)'> (0x0000000719193738) 
thrown [t:\workspace\open\src\hotspot\share\interpreter\linkResolver.cpp, line 790]

Events (20 events):
Event: 1.637 loading class java/util/PriorityQueue done
Event: 1.638 Thread 0x000002aa6b9cf710 Thread added: 0x000002aa6b9cf710
Event: 1.639 loading class javax/swing/TimerQueue$DelayedTimer
Event: 1.639 loading class java/util/concurrent/Delayed
Event: 1.639 loading class java/util/concurrent/Delayed done
Event: 1.639 loading class javax/swing/TimerQueue$DelayedTimer done
Event: 1.639 loading class java/util/concurrent/TimeUnit$1
Event: 1.639 loading class java/util/concurrent/TimeUnit$1 done
Event: 1.639 loading class java/time/temporal/ChronoUnit
Event: 1.639 loading class java/awt/TextComponent
Event: 1.639 loading class java/time/temporal/TemporalUnit
Event: 1.640 loading class java/time/temporal/TemporalUnit done
Event: 1.640 loading class java/time/temporal/ChronoUnit done
Event: 1.640 loading class java/time/Duration
Event: 1.640 loading class java/awt/TextComponent done
Event: 1.640 loading class java/time/temporal/TemporalAmount
Event: 1.640 loading class java/time/temporal/TemporalAmount done
Event: 1.640 loading class java/time/Duration done
Event: 1.640 loading class java/math/BigInteger
Event: 1.642 loading class java/math/BigInteger done


Dynamic libraries:
0x00007ff7a3690000 - 0x00007ff7a369e000 	C:\Users\Omen\Downloads\eclipse-java-2021-06-R-win32-x86_64\eclipse\plugins\org.eclipse.justj.openjdk.hotspot.jre.full.win32.x86_64_16.0.1.v20210528-1205\jre\bin\javaw.exe
0x00007ffddf6b0000 - 0x00007ffddf8a5000 	C:\WINDOWS\SYSTEM32\ntdll.dll
0x00007ffdde190000 - 0x00007ffdde24d000 	C:\WINDOWS\System32\KERNEL32.DLL
0x00007ffddd2e0000 - 0x00007ffddd5a9000 	C:\WINDOWS\System32\KERNELBASE.dll
0x00007ffddced0000 - 0x00007ffddcfd0000 	C:\WINDOWS\System32\ucrtbase.dll
0x00007ffdc0cb0000 - 0x00007ffdc0cc9000 	C:\Users\Omen\Downloads\eclipse-java-2021-06-R-win32-x86_64\eclipse\plugins\org.eclipse.justj.openjdk.hotspot.jre.full.win32.x86_64_16.0.1.v20210528-1205\jre\bin\VCRUNTIME140.dll
0x00007ffdc0cd0000 - 0x00007ffdc0ce8000 	C:\Users\Omen\Downloads\eclipse-java-2021-06-R-win32-x86_64\eclipse\plugins\org.eclipse.justj.openjdk.hotspot.jre.full.win32.x86_64_16.0.1.v20210528-1205\jre\bin\jli.dll
0x00007ffdc7a00000 - 0x00007ffdc7c9a000 	C:\WINDOWS\WinSxS\amd64_microsoft.windows.common-controls_6595b64144ccf1df_6.0.19041.1110_none_60b5254171f9507e\COMCTL32.dll
0x00007ffddef20000 - 0x00007ffddf0c0000 	C:\WINDOWS\System32\USER32.dll
0x00007ffdde8c0000 - 0x00007ffdde95e000 	C:\WINDOWS\System32\msvcrt.dll
0x00007ffddce10000 - 0x00007ffddce32000 	C:\WINDOWS\System32\win32u.dll
0x00007ffdde0f0000 - 0x00007ffdde11a000 	C:\WINDOWS\System32\GDI32.dll
0x00007ffddd130000 - 0x00007ffddd23b000 	C:\WINDOWS\System32\gdi32full.dll
0x00007ffddd240000 - 0x00007ffddd2dd000 	C:\WINDOWS\System32\msvcp_win.dll
0x00007ffddee70000 - 0x00007ffddeea0000 	C:\WINDOWS\System32\IMM32.DLL
0x00007ffdc4530000 - 0x00007ffdc453c000 	C:\Users\Omen\Downloads\eclipse-java-2021-06-R-win32-x86_64\eclipse\plugins\org.eclipse.justj.openjdk.hotspot.jre.full.win32.x86_64_16.0.1.v20210528-1205\jre\bin\vcruntime140_1.dll
0x00007ffda92e0000 - 0x00007ffda9371000 	C:\Users\Omen\Downloads\eclipse-java-2021-06-R-win32-x86_64\eclipse\plugins\org.eclipse.justj.openjdk.hotspot.jre.full.win32.x86_64_16.0.1.v20210528-1205\jre\bin\msvcp140.dll
0x00007ffd96e80000 - 0x00007ffd97a2b000 	C:\Users\Omen\Downloads\eclipse-java-2021-06-R-win32-x86_64\eclipse\plugins\org.eclipse.justj.openjdk.hotspot.jre.full.win32.x86_64_16.0.1.v20210528-1205\jre\bin\server\jvm.dll
0x00007ffdddf90000 - 0x00007ffdde03c000 	C:\WINDOWS\System32\ADVAPI32.dll
0x00007ffddf4a0000 - 0x00007ffddf53b000 	C:\WINDOWS\System32\sechost.dll
0x00007ffddd710000 - 0x00007ffddd83a000 	C:\WINDOWS\System32\RPCRT4.dll
0x00007ffddeea0000 - 0x00007ffddeea8000 	C:\WINDOWS\System32\PSAPI.DLL
0x00007ffdc94b0000 - 0x00007ffdc94b9000 	C:\WINDOWS\SYSTEM32\WSOCK32.dll
0x00007ffdd2fa0000 - 0x00007ffdd2fc7000 	C:\WINDOWS\SYSTEM32\WINMM.dll
0x00007ffdd6180000 - 0x00007ffdd618a000 	C:\WINDOWS\SYSTEM32\VERSION.dll
0x00007ffdde120000 - 0x00007ffdde18b000 	C:\WINDOWS\System32\ws2_32.DLL
0x00007ffddacf0000 - 0x00007ffddad02000 	C:\WINDOWS\SYSTEM32\kernel.appcore.dll
0x00007ffdda510000 - 0x00007ffdda51a000 	C:\Users\Omen\Downloads\eclipse-java-2021-06-R-win32-x86_64\eclipse\plugins\org.eclipse.justj.openjdk.hotspot.jre.full.win32.x86_64_16.0.1.v20210528-1205\jre\bin\jimage.dll
0x00007ffdca7d0000 - 0x00007ffdca9b4000 	C:\WINDOWS\SYSTEM32\DBGHELP.DLL
0x00007ffdc3ff0000 - 0x00007ffdc401c000 	C:\WINDOWS\SYSTEM32\dbgcore.DLL
0x00007ffddce40000 - 0x00007ffddcec3000 	C:\WINDOWS\System32\bcryptPrimitives.dll
0x00007ffdd88a0000 - 0x00007ffdd88c5000 	C:\Users\Omen\Downloads\eclipse-java-2021-06-R-win32-x86_64\eclipse\plugins\org.eclipse.justj.openjdk.hotspot.jre.full.win32.x86_64_16.0.1.v20210528-1205\jre\bin\java.dll
0x00007ffdd8590000 - 0x00007ffdd85a8000 	C:\Users\Omen\Downloads\eclipse-java-2021-06-R-win32-x86_64\eclipse\plugins\org.eclipse.justj.openjdk.hotspot.jre.full.win32.x86_64_16.0.1.v20210528-1205\jre\bin\zip.dll
0x00007ffddd850000 - 0x00007ffdddf8f000 	C:\WINDOWS\System32\SHELL32.dll
0x00007ffddaef0000 - 0x00007ffddb680000 	C:\WINDOWS\SYSTEM32\windows.storage.dll
0x00007ffdde410000 - 0x00007ffdde765000 	C:\WINDOWS\System32\combase.dll
0x00007ffddc7d0000 - 0x00007ffddc7fc000 	C:\WINDOWS\SYSTEM32\Wldp.dll
0x00007ffddf3f0000 - 0x00007ffddf49e000 	C:\WINDOWS\System32\SHCORE.dll
0x00007ffdde3b0000 - 0x00007ffdde405000 	C:\WINDOWS\System32\shlwapi.dll
0x00007ffddcd20000 - 0x00007ffddcd3f000 	C:\WINDOWS\SYSTEM32\profapi.dll
0x00007ffdd5b50000 - 0x00007ffdd5b69000 	C:\Users\Omen\Downloads\eclipse-java-2021-06-R-win32-x86_64\eclipse\plugins\org.eclipse.justj.openjdk.hotspot.jre.full.win32.x86_64_16.0.1.v20210528-1205\jre\bin\net.dll
0x00007ffdc96c0000 - 0x00007ffdc97c8000 	C:\WINDOWS\SYSTEM32\WINHTTP.dll
0x00007ffddc4d0000 - 0x00007ffddc53a000 	C:\WINDOWS\system32\mswsock.dll
0x00007ffdd5b30000 - 0x00007ffdd5b43000 	C:\Users\Omen\Downloads\eclipse-java-2021-06-R-win32-x86_64\eclipse\plugins\org.eclipse.justj.openjdk.hotspot.jre.full.win32.x86_64_16.0.1.v20210528-1205\jre\bin\nio.dll
0x00007ffd93630000 - 0x00007ffd937af000 	C:\Users\Omen\Downloads\eclipse-java-2021-06-R-win32-x86_64\eclipse\plugins\org.eclipse.justj.openjdk.hotspot.jre.full.win32.x86_64_16.0.1.v20210528-1205\jre\bin\awt.dll
0x00007ffddf540000 - 0x00007ffddf60d000 	C:\WINDOWS\System32\OLEAUT32.dll
0x00007ffdda780000 - 0x00007ffdda810000 	C:\WINDOWS\SYSTEM32\apphelp.dll
0x00007ffddaa00000 - 0x00007ffddaa2f000 	C:\WINDOWS\system32\DWMAPI.DLL
0x00007ffdda830000 - 0x00007ffdda8ce000 	C:\WINDOWS\system32\uxtheme.dll
0x00007ffd925f0000 - 0x00007ffd92715000 	C:\WINDOWS\system32\opengl32.dll
0x00007ffd9b060000 - 0x00007ffd9b08c000 	C:\WINDOWS\SYSTEM32\GLU32.dll
0x00007ffddf270000 - 0x00007ffddf385000 	C:\WINDOWS\System32\MSCTF.dll
0x00007ffdde770000 - 0x00007ffdde89a000 	C:\WINDOWS\System32\ole32.dll
0x00007ffdd5cc0000 - 0x00007ffdd5e8e000 	C:\WINDOWS\system32\d3d9.dll
0x00007ffdd2fd0000 - 0x00007ffdd31ab000 	C:\WINDOWS\System32\DriverStore\FileRepository\u0366719.inf_amd64_de6b06f3cfe1e6ce\B366682\aticfx64.dll
0x00007ffda9c10000 - 0x00007ffda9c43000 	C:\WINDOWS\System32\DriverStore\FileRepository\u0366719.inf_amd64_de6b06f3cfe1e6ce\B366682\atiu9p64.dll
0x00007ffd9e6c0000 - 0x00007ffd9f3e1000 	C:\WINDOWS\System32\DriverStore\FileRepository\u0366719.inf_amd64_de6b06f3cfe1e6ce\B366682\atiumd64.dll
0x000000006f710000 - 0x00000000705d2000 	C:\WINDOWS\System32\DriverStore\FileRepository\u0366719.inf_amd64_de6b06f3cfe1e6ce\B366682\atiumd6a.dll
0x00007ffddcc50000 - 0x00007ffddcc9b000 	C:\WINDOWS\SYSTEM32\POWRPROF.dll
0x00007ffddcb80000 - 0x00007ffddcb92000 	C:\WINDOWS\SYSTEM32\UMPDC.dll
0x00007ffdd2980000 - 0x00007ffdd29b0000 	C:\WINDOWS\SYSTEM32\amdihk64.dll
0x00007ffdd44c0000 - 0x00007ffdd44fb000 	C:\WINDOWS\SYSTEM32\dxcore.dll
0x00007ffddd5b0000 - 0x00007ffddd5fe000 	C:\WINDOWS\System32\cfgmgr32.dll
0x00007ffda9250000 - 0x00007ffda92d9000 	C:\Users\Omen\Downloads\eclipse-java-2021-06-R-win32-x86_64\eclipse\plugins\org.eclipse.justj.openjdk.hotspot.jre.full.win32.x86_64_16.0.1.v20210528-1205\jre\bin\freetype.dll
0x00007ffd9fb30000 - 0x00007ffd9fc26000 	C:\Users\Omen\Downloads\eclipse-java-2021-06-R-win32-x86_64\eclipse\plugins\org.eclipse.justj.openjdk.hotspot.jre.full.win32.x86_64_16.0.1.v20210528-1205\jre\bin\harfbuzz.dll
0x00007ffdc0c90000 - 0x00007ffdc0ca2000 	C:\Users\Omen\Downloads\eclipse-java-2021-06-R-win32-x86_64\eclipse\plugins\org.eclipse.justj.openjdk.hotspot.jre.full.win32.x86_64_16.0.1.v20210528-1205\jre\bin\fontmanager.dll
0x00007ffdde040000 - 0x00007ffdde0e9000 	C:\WINDOWS\System32\clbcatq.dll
0x00007ffdd7c00000 - 0x00007ffdd7db4000 	C:\WINDOWS\SYSTEM32\WindowsCodecs.dll
0x00007ffddcde0000 - 0x00007ffddce07000 	C:\WINDOWS\System32\bcrypt.dll
0x00007ffdbd140000 - 0x00007ffdbd17e000 	C:\WINDOWS\system32\dataexchange.dll
0x00007ffdd9ba0000 - 0x00007ffdd9d86000 	C:\WINDOWS\system32\dcomp.dll
0x00007ffdd8f10000 - 0x00007ffdd9174000 	C:\WINDOWS\system32\d3d11.dll
0x00007ffddb6e0000 - 0x00007ffddb7d4000 	C:\WINDOWS\system32\dxgi.dll
0x00007ffdd7e70000 - 0x00007ffdd8071000 	C:\WINDOWS\system32\twinapi.appcore.dll
0x00007ffdc36d0000 - 0x00007ffdc37c9000 	C:\WINDOWS\SYSTEM32\textinputframework.dll
0x00007ffdda550000 - 0x00007ffdda642000 	C:\WINDOWS\System32\CoreMessaging.dll
0x00007ffdda110000 - 0x00007ffdda46e000 	C:\WINDOWS\System32\CoreUIComponents.dll
0x00007ffddbae0000 - 0x00007ffddbb13000 	C:\WINDOWS\SYSTEM32\ntmarta.dll
0x00007ffdd8db0000 - 0x00007ffdd8f04000 	C:\WINDOWS\SYSTEM32\wintypes.dll

dbghelp: loaded successfully - version: 4.0.5 - missing functions: none
symbol engine: initialized successfully - sym options: 0x614 - pdb path: .;C:\Users\Omen\Downloads\eclipse-java-2021-06-R-win32-x86_64\eclipse\plugins\org.eclipse.justj.openjdk.hotspot.jre.full.win32.x86_64_16.0.1.v20210528-1205\jre\bin;C:\WINDOWS\SYSTEM32;C:\WINDOWS\WinSxS\amd64_microsoft.windows.common-controls_6595b64144ccf1df_6.0.19041.1110_none_60b5254171f9507e;C:\Users\Omen\Downloads\eclipse-java-2021-06-R-win32-x86_64\eclipse\plugins\org.eclipse.justj.openjdk.hotspot.jre.full.win32.x86_64_16.0.1.v20210528-1205\jre\bin\server;C:\WINDOWS\System32\DriverStore\FileRepository\u0366719.inf_amd64_de6b06f3cfe1e6ce\B366682

VM Arguments:
jvm_args: -Dfile.encoding=Cp1252 --module-path=C:\Users\Omen\eclipse-workspace\JDBC\lib\mysql-connector-java-8.0.25.jar -XX:+ShowCodeDetailsInExceptionMessages 
java_command: FormFillUpPage
java_class_path (initial): C:\Users\Omen\git\Bank-Mangement-System\Bank Management System\bin
Launcher Type: SUN_STANDARD

[Global flags]
     intx CICompilerCount                          = 12                                        {product} {ergonomic}
     uint ConcGCThreads                            = 3                                         {product} {ergonomic}
     uint G1ConcRefinementThreads                  = 13                                        {product} {ergonomic}
   size_t G1HeapRegionSize                         = 2097152                                   {product} {ergonomic}
    uintx GCDrainStackTargetSize                   = 64                                        {product} {ergonomic}
   size_t InitialHeapSize                          = 257949696                                 {product} {ergonomic}
   size_t MarkStackSize                            = 4194304                                   {product} {ergonomic}
   size_t MaxHeapSize                              = 4125097984                                {product} {ergonomic}
   size_t MaxNewSize                               = 2474639360                                {product} {ergonomic}
   size_t MinHeapDeltaBytes                        = 2097152                                   {product} {ergonomic}
   size_t MinHeapSize                              = 8388608                                   {product} {ergonomic}
    uintx NonNMethodCodeHeapSize                   = 7602480                                {pd product} {ergonomic}
    uintx NonProfiledCodeHeapSize                  = 122027880                              {pd product} {ergonomic}
    uintx ProfiledCodeHeapSize                     = 122027880                              {pd product} {ergonomic}
    uintx ReservedCodeCacheSize                    = 251658240                              {pd product} {ergonomic}
     bool SegmentedCodeCache                       = true                                      {product} {ergonomic}
     bool ShowCodeDetailsInExceptionMessages       = true                                   {manageable} {command line}
   size_t SoftMaxHeapSize                          = 4125097984                             {manageable} {ergonomic}
     bool UseCompressedClassPointers               = true                           {product lp64_product} {ergonomic}
     bool UseCompressedOops                        = true                           {product lp64_product} {ergonomic}
     bool UseG1GC                                  = true                                      {product} {ergonomic}
     bool UseLargePagesIndividualAllocation        = false                                  {pd product} {ergonomic}

Logging:
Log output configuration:
 #0: stdout all=warning uptime,level,tags
 #1: stderr all=off uptime,level,tags

Environment Variables:
PATH=C:/Users/Omen/Downloads/eclipse-java-2021-06-R-win32-x86_64/eclipse//plugins/org.eclipse.justj.openjdk.hotspot.jre.full.win32.x86_64_16.0.1.v20210528-1205/jre/bin/server;C:/Users/Omen/Downloads/eclipse-java-2021-06-R-win32-x86_64/eclipse//plugins/org.eclipse.justj.openjdk.hotspot.jre.full.win32.x86_64_16.0.1.v20210528-1205/jre/bin;C:\Program Files\Common Files\Oracle\Java\javapath;C:\windows\system32;C:\windows;C:\windows\System32\Wbem;C:\windows\System32\WindowsPowerShell\v1.0\;C:\windows\System32\OpenSSH\;C:\Program Files (x86)\NVIDIA Corporation\PhysX\Common;C:\Program Files\NVIDIA Corporation\NVIDIA NvDLISR;D:\Git\cmd;C:\WINDOWS\system32;C:\WINDOWS;C:\WINDOWS\System32\Wbem;C:\WINDOWS\System32\WindowsPowerShell\v1.0\;C:\WINDOWS\System32\OpenSSH\;C:\Program Files\MySQL\MySQL Shell 8.0\bin\;C:\Users\Omen\AppData\Local\Programs\Python\Python39\Scripts\;C:\Users\Omen\AppData\Local\Programs\Python\Python39\;C:\Users\Omen\AppData\Local\Microsoft\WindowsApps;;C:\Users\Omen\Downloads\eclipse-java-2021-06-R-win32-x86_64\eclipse;
USERNAME=Omen
OS=Windows_NT
PROCESSOR_IDENTIFIER=AMD64 Family 23 Model 96 Stepping 1, AuthenticAMD



---------------  S Y S T E M  ---------------

OS:
 Windows 10 , 64 bit Build 19041 (10.0.19041.1151)
OS uptime: 0 days 18:06 hours

CPU: total 16 (initial active 16) (16 cores per cpu, 2 threads per core) family 23 model 96 stepping 1 microcode 0x0, cx8, cmov, fxsr, ht, mmx, 3dnowpref, sse, sse2, sse3, ssse3, sse4a, sse4.1, sse4.2, popcnt, lzcnt, tsc, tscinvbit, avx, avx2, aes, clmul, bmi1, bmi2, adx, sha, fma, vzeroupper, clflush, clflushopt

Memory: 4k page, system-wide physical 15731M (6386M free)
TotalPageFile size 38214M (AvailPageFile size 5M)
current process WorkingSet (physical memory assigned to process): 159M, peak: 160M
current process commit charge ("private bytes"): 450M, peak: 450M

vm_info: OpenJDK 64-Bit Server VM (16.0.1+9-24) for windows-amd64 JRE (16.0.1+9-24), built on Mar 26 2021 19:30:07 by "mach5one" with MS VC++ 16.7 (VS2019)

END.
